<?xml version="1.0" encoding="UTF-8"?>
<testsuite xmlns:xsi="http://www.w3.org/2001/XMLSchema-instance" xsi:noNamespaceSchemaLocation="https://maven.apache.org/surefire/maven-surefire-plugin/xsd/surefire-test-report-3.0.xsd" version="3.0" name="cn.kis2.JdbcTest" time="0.354" tests="2" errors="0" skipped="0" failures="0">
  <properties>
[...]
</properties>
  <testcase name="testSelect" classname="cn.kis2.JdbcTest" time="0.319">
    <system-out><![CDATA[User(id=1, username=daqiao, password=123456, name=大乔, age=25)
]]></system-out>
  </testcase>
  <testcase name="testUpdate" classname="cn.kis2.JdbcTest" time="0.021">
    <system-out><![CDATA[sql执行完毕影响数：1
]]></system-out>
  </testcase>
</testsuite>