<?xml version="1.0" encoding="UTF-8"?>
<testsuite xmlns:xsi="http://www.w3.org/2001/XMLSchema-instance" xsi:noNamespaceSchemaLocation="https://maven.apache.org/surefire/maven-surefire-plugin/xsd/surefire-test-report.xsd" version="3.0.2" name="cn.kis2.UUIDTest" time="0.06" tests="1" errors="0" skipped="0" failures="0" flakes="0">
  <properties>
[...]
</properties>
  <testcase name="testUUID" classname="cn.kis2.UUIDTest" time="0.057">
    <system-out><![CDATA[c950f58c-9e06-4f2a-8021-69486fff260e
a31551ec-ef2e-4ec0-8f8a-c40d318d0925
e41dd4ef-9dd5-43a8-9116-fbb285e2febd
6d525aa8-6f30-44d9-8cbd-4617d1368648
14e9c07e-a16e-4250-9924-5cdb3da6d570
39e97b71-2b07-42e1-988b-33a6cdcabe33
825ea76e-aa12-4f0c-a47a-4b68e5840975
74a8761e-8554-4a3b-88c3-85278e1bf770
e3b844b9-323b-489f-8819-32602e40bb2c
3799b66c-234e-4831-9fde-76fe012deebc
d8883757-cdad-463c-b473-7245bff37714
6453cd10-b5bc-4b0c-ba67-cdcd3da0429d
7c512daf-2c8a-427f-91c3-e6c9bf7eca4b
a8286fea-3bfc-400e-be2e-073e7c3fb3d7
0cd1de0f-9ceb-43f6-b0f4-3cdcef8e105a
7e05fac5-1168-459f-b883-7a65cc2cac2e
e0552464-ef14-421d-a61d-942671d03426
16090b63-110d-45e2-b31f-514a18e76af9
11c9547c-9158-4273-81e1-d17cab564106
efe101ae-eeac-4613-a651-221a18338324
2f5adfb2-83e5-4e7c-93e9-8d61d1dcb26e
aee83d8d-f19c-4f23-a5ab-97678679bf79
b858b715-ae48-41b1-b275-ecabccff2ff5
814efabc-bf98-4523-b1fd-fe11676c5ede
13b94c5d-55fb-4fe5-87e4-678c6dbbad63
2c90dc27-b0d1-4ff0-85ba-4b09530f5319
6b279e89-4250-4499-9231-e17057fcba49
be9461ca-188a-408a-865c-cdcc8d7e5719
ec80805b-4895-4f94-ac90-c28b8d461eb9
b6aa74cb-b618-44f8-b726-554e3d98a8f2
eb3f46ae-ef2e-4df7-92c1-e62363c592f5
2ed3e00b-79ca-4da6-8680-4685d55c7a25
3c34888e-fb8a-4163-a7b4-0e1b33b3a805
b58b87ad-26f4-46de-bc8e-22b3a7a169cb
ba8d7407-ca8a-4be0-a64a-e75028f3fc95
6a94e225-1e53-42ca-bde9-5b5b9aedeac8
59cc4c3c-ab88-4802-bcc9-a9248c505a7a
839a1707-a62c-449a-b1bc-f0e58d127f3b
34dfcf79-2901-4ecb-9600-233b891b2531
dba9280a-0887-424a-83b3-8e235107fce3
1c0670f1-319a-4511-bed4-1244e6a4e78e
ccbd29fc-ac77-4875-9a2a-16a9c670522a
52ee7b64-3da3-4226-8cf3-1790bab53dc5
5cad641b-8621-49b7-aba4-48ae723a66df
6575cbc7-e369-458b-955d-5ecb3452353f
9bc82cd8-461e-4a6c-8936-435db3e1925d
80c327a1-76ea-4bad-9f8f-af974a757a59
53d1dc2c-6fdc-4f99-a6f7-d37752b2fe41
0481feaf-1935-44af-bf25-fa39d465d22f
02672665-09aa-4f26-846e-81d5e7e8b908
2e6430cf-0798-45ee-a038-2945696c55e1
cc989a28-a7e1-40e5-b24a-9f287b3105f1
1cf6ca74-3bbb-46a9-97ff-ed4a901044bf
460d9f68-ca72-44e1-aec3-b3f94daa4af1
6d77d677-6ed8-4c74-9efc-2f2d00a057ef
190f0040-e9d2-4ec4-9788-da74a29aad17
d3cebe0c-c3d0-44b7-b876-e5d4988bc604
9799095d-dc9c-4087-99d7-c60e31ff2d0f
c5ae0be5-af79-4c53-9fdc-96c90d42b0b0
d68cec13-4746-46e6-8739-cdc95b10641b
6006c350-10dc-47e9-8f07-80e0260acc7b
fb31ee8c-af20-42b6-bbe4-adb613cd2721
16722278-d7d8-45bb-827a-d3c8aa891b6c
79ec53fe-2f06-4a62-886d-942dad06f3b2
26a58677-e09c-47a3-ba7f-2beda8c198fc
4dad75a5-7d0a-48bc-98a5-47ab3a82873e
d10e69fe-b23d-42c4-af8d-990265d1ef6a
a592584a-520c-4b9c-9757-b164d86e9209
92fd6f02-5251-4e81-9cae-a31b82bb3fb4
49657a98-8d45-4631-a7ae-e64bf015981b
30d09900-7d32-487f-a7cf-249eebcb5150
89aff878-a11f-4788-ade8-9e86b2a0f1ea
117cf794-50da-4cf3-a403-3c36018efe2b
a358aad8-3005-4ffa-940c-f0397d53df4f
4d747775-9aa2-4150-bc68-9e05de1e84f7
465561c1-2e1a-4961-ab4d-6ae6476715ec
0bbaa1ca-a590-44ff-b3aa-cd8e2f0f006c
390340c1-6b17-4151-9bb7-b882f32c55a4
057fc7b7-be89-43e8-9ee9-9d2d3bf62346
a866b5a6-8846-4b91-aa58-7244c963e65b
0ed89859-f783-4c65-a38e-ffa420d2023d
6afc1d6e-a755-4371-9956-f6e226275301
16514e78-605b-47f8-8da2-ca39906a1cb5
731bd33f-971b-456a-8b0d-75a3f1948ffe
33cf50d8-2516-4a36-af7f-2a0894ea1619
dd20e367-adb3-4157-89b1-e7072dafd7d1
5a4f9059-bfbb-4b37-b99d-382927787b78
dd1ae73c-9335-41b5-bc3a-179da8e52a6d
54ff6a1e-8428-4194-b021-ac76048e0769
0639e6e7-c0dc-4f5f-8ee8-69c473b50b22
f6d8ff19-e53d-4120-bd77-7b08b479328b
be068fe7-db6c-465e-9fd7-5c0cfd807f73
77f4f1c0-851f-47aa-b0fd-a64b264fa02c
865c5b8d-0441-4f88-9f97-847bf2d47174
2e6ecf40-56aa-46d0-9ad5-62310a2d8cf7
c3821cd1-d30a-4f45-860a-7faab00923b2
135dca5a-f888-484d-b049-87f04f53cff4
1ba6faf0-6218-41dd-9230-9d91e29fb3f9
439ec0c6-3faa-4652-acdf-ab408332820f
d0feb910-58e2-45c2-af05-56edab99bb7b
f6973e97-f74c-4d15-9fd0-c3b2666f55cb
f7dbd382-7630-483b-95fd-39bb97afba1a
5b549471-58ef-4465-8666-906efb9e7f7e
3e34ebf7-cd39-45b2-b828-72b1ce1262b1
be096a13-c370-46a3-a44e-199387cbb459
ad168005-8663-481d-9c77-4003a5ff9390
2b2faedb-49ce-4e2c-b48d-9e02b63536ab
b547ca0b-3f5d-435c-a0f5-74e6bed64ce9
52e1422f-eb63-4398-b364-0f87d34ff592
4dc90b7a-a016-4f61-8d10-a8fcd0b5ed59
66f9ee95-30e0-4a75-a1d3-4a48284223bc
44a434b6-c537-4790-9d98-c54dfeb2f360
7ce5ec76-5f1f-48f8-9ebf-2e7eacda4760
37610206-5d20-45e7-a5b5-8deb6de596db
9f3f45ed-420b-4fb7-a3db-10dfaf6e28a6
d27b8713-90b0-4f5e-8b4a-55d09b082065
ada53b5f-2a66-4324-920c-6064de3c5064
6567921e-903b-4bba-a0ed-abf7a9bf45b4
f266a45d-804f-41c5-9df9-012fd404b78a
aa65a7aa-005e-41ba-8615-f9f173c835f9
36d6338f-b0ce-4857-bf79-63a0953fdb1c
74c705fb-6483-47bc-8ee0-683699013116
00a6fcde-f34f-40fa-a49f-c338fab60373
db5b05b0-a51c-45ef-a740-f9b75df62786
7da31004-ff4b-4dcb-bc01-5b2c77b74286
371ef32b-5bb4-4920-ac22-9de87f016d8b
9109dd93-d2b3-4348-aa25-1b5039144ff2
5a9282ec-fa56-434f-8741-93ba068fadbd
a8153864-3ed1-42b6-9608-4937d88ab612
ff3446bb-13a2-4790-afd3-a2cc1ffd5b57
af3cfe9b-267c-43bd-81ad-6924033447e6
ba5e5e2f-7393-41fe-8ddf-480a44d163dd
f759fc45-a9d3-46b3-acc0-debbcbe0ef0f
111e2927-af34-40c4-bfb6-4d767cf2bd5f
4a5ffd27-e266-415c-aad0-a6ce29806a2b
8e9b087c-f334-4dff-941f-82ed49c6a82a
43032d2e-dba0-4f87-886c-9222b69e2b6e
c87d0c78-140b-44a9-94ab-dd21189fc718
1eccbb9d-4c35-430e-882d-dd367722368a
180081ca-2653-4a66-af35-7d499c7de0e1
61a47516-5c72-4546-a779-9334bb6be484
db1ecd54-c140-4e06-a627-c08b9e5edca0
cabe1715-e96a-4318-afe5-5b101e3c330d
1713f4d2-4321-4fc6-a839-e6bf5d4bc365
23591f04-ece1-4daa-a87f-a8cf170f9c79
5ea4a110-88f0-445f-ac0c-99bc2fba8fc7
0fe2efe5-b89b-4a09-b1ea-561815b80b22
3aa1aec3-62b0-41b7-b6e1-406fb0d96a06
08cd86a5-5933-4c4b-923c-b7c97c539f2e
dd24a510-0aaa-445c-976d-3363eeadeec7
31e65c91-6552-4e54-96fb-fc05d5ce8d30
78c2b62b-15d5-4bca-b61e-ea10238a15a6
bcd9bbde-c065-41e5-9844-c8fd5e73b39a
88b5643a-0b71-4acd-92e7-6ea7a49bc736
bbec3218-2048-41aa-a825-a0f0ee9acfe9
ece77d21-4b37-4448-b3ad-082d96cbb450
36ba0fa0-7b5e-496a-9285-9f89c6efe846
9d4ba3ee-d905-4920-b3d4-09a4d4390a3e
46a6bbae-dde2-4a80-b7cb-14089deaf6ed
131d37a4-d981-4d7b-b4f3-61b6a4255e23
7707e6b6-4a76-47ca-b0cd-6439f9aa0c8f
6af9ae7f-88e8-468d-aadb-ea3a6a069728
6945b285-09f1-409d-af07-4dcce2eaadee
16a25a50-5271-4347-852b-9b239798d54a
63a6e6d4-283f-442f-9a04-7dd5bf4e4bb5
23c879c2-f0ec-440f-b593-d89359cb9a79
0dca379b-d176-4372-9304-333a3b3e272c
7c432028-0605-468b-81e1-282f870e1c7e
7d4faf82-ea07-4844-b1da-747a544736f4
6382be78-db2a-4a1f-ac1b-84588a467163
3749dd45-6229-4e33-bd34-0b1244346765
7cbb8807-37b8-40a5-99a2-207ad8bb9d20
9a7af9ad-bc27-47a0-a3ee-6e0f38957833
1c88f758-eddb-4ae6-9d0e-c9c77533e2af
30ccd6c5-a7f5-43f2-b588-495d431bccdc
a508cf5c-f14f-462f-b9e5-0b97f6c24dac
4ac0d315-eb7b-4397-9e21-172eec602fd3
c060bc07-402d-410e-b352-d9091e50d7d4
c4eac72a-87f1-45b7-bb82-1cfd55936b38
a36af7c8-fd99-4b24-8377-b3dfab5af559
24e87c15-1ba9-46e7-a8ff-030e71b801a7
b92682d0-f511-4e3d-9120-ee9b27de3de1
225826d9-5f11-42b1-b50a-0cbf9e9e3307
a655f75e-1a9b-49cc-b573-35b255adc4e4
77c3582a-51b7-4989-a58f-f7082f8d0acb
27eaf2dc-b6f0-46a1-9925-c76a6e276cef
97ea4d3a-4d33-4278-a891-42f044ef3177
f80baa6b-3466-42e9-9ed8-47c9cfb2b8b2
a1d26e3c-d561-43fd-b868-7f23a2c69ddd
c0111883-c78e-4e2a-b357-c2d2c0d65fa2
21328f41-dcee-41f2-8aca-7a8deaea63b5
ec19a482-19b8-4d8a-9185-1a71f4eaba42
8d641bf4-619d-4724-ba09-cc54057b6d1e
12096aa2-f42d-4bbe-b4b7-52238642567b
c7a9f1d9-0f2d-42bd-bc92-4c5b3a64146b
1d055a96-22d6-4dd2-9378-2187e04545eb
deb7cb6c-3440-4a4e-aae8-50fab6a11bf2
cf07d3ac-f0f3-4b81-8d04-76ca6fc25825
2da9511d-11d3-4bdd-baa5-6b63c07b27ca
984fa54c-47c7-4980-b93a-aaa0112ba208
fd91cf5b-a1f2-4c7e-b5f6-a33238fa8cf9
dd86387b-7b9f-4667-ae14-226a055aade6
e331e977-d0e7-4f1e-ab5b-9c6413ceaec9
622ae260-42b7-4ba5-9629-a371f8ac1536
7e4881ff-7902-4f86-a403-95c7f74b64e5
7fc1829b-c35f-426b-a1aa-e2f08f78e865
a2116df0-d9f5-4341-9664-7a2992f1e152
a617e712-7920-47c2-8fa2-ef313ff5d805
f0617079-6e74-4d3c-96bd-7d3e29f32892
593aa939-1f66-4ca6-a4c7-6ea3e56cdf00
16f43fbe-36cd-4796-999c-2e671102d3c4
9ff1e99d-ca5e-4088-8d1e-69ca9c7d48f2
b3169179-f9c7-4971-bc97-fef80095ebbb
895f7d43-5cea-4399-837a-a43752c96bee
b3b5caf1-4314-43b4-a715-b516e4f794dd
a76653a8-3538-4964-b9fe-bf91319e3b12
d3e132aa-9486-4b3d-873f-278b74767d83
fae34542-d023-4491-b318-d5df5117a96a
74e9bed2-859b-478d-be36-0423dacd8815
891cf1c1-0616-4931-8850-01dbef6137b1
9faa6230-5501-4680-9caf-c6c10f146f31
917e1537-94c0-4d9b-a373-3f4da39c865c
0db6a653-8e07-46f4-b400-a49569b7a410
0dd042fd-7fb0-40c8-8ae3-6bdd18808a61
33215793-261d-4381-8cfd-afaed26ceb6b
5d934311-d94c-47a7-9f88-6f62f336cfa6
65ec36f6-03bf-4659-a2e7-849c3f842258
daa7c0c0-d1be-4dff-b907-0878e70dd6ec
6bc21be4-fd1e-409a-bbf7-fdbec3ba8847
86145356-29cd-4303-ad7b-b6c40669fa17
d6ac026e-fb0c-4c10-93e5-7097157fee48
a17982c5-bc74-49ab-b126-9b960190a565
f4b7ba19-a140-4bac-931e-d90cda3b9485
301bf33d-3190-4984-afb2-ea527e32ef01
e65a032c-ca2a-4ced-b2d8-bc711ad1f425
fcd5cff3-0956-43e5-99a4-232ed17f203b
75b52564-1a78-42f6-8c57-494a18d51969
a63237f8-bd66-46a0-8f57-76499583d68b
357e7d7b-1c90-4f6e-99a9-3f6233c42c42
8104831c-869d-4629-ae0b-85ddb0436e42
ad451cf1-5c0e-40a9-b433-8ebd91c24203
f3df9f7b-338f-4721-bdf9-481104d582e5
064bf5e8-e537-4a2d-a296-9424009ae819
91c84ea8-16b7-4eee-ac33-ae332356c770
f6b5cbde-c0ee-4354-8af9-515739877f5b
6810ca13-848b-49cc-89b7-3220e13f205f
eceb0428-d532-4033-bdfd-c28d3c447cde
1ccc3af8-b270-4a37-aa30-f334624e9992
f415299f-17bc-4aae-b373-a3e20e42f281
56f3da3b-4d15-4dbe-82ab-6920e0861686
6a361dcb-dd2c-4b2c-b3e2-77405b28a656
b73ed0d6-744a-436e-9c5c-8319f8e9b040
5006bccb-0649-4265-8d21-88a6f0bba7df
2de3363d-c1cf-44aa-9793-ab73f2fd82fb
830e5463-a21d-4471-9527-316ec0b76025
d9626de6-03aa-4dde-bd83-887ea6e69cbf
0ab17471-cc8b-45aa-a6c8-b3a007940ffb
4d4ede7c-ec2c-4617-854e-ff9d020724d5
60807625-81f8-46b8-9deb-10f8d547126a
28e92868-2525-4d6f-bb6d-37e588ea0a82
784909ea-4a67-47dc-a3d8-f064c03a6cf1
78e6c774-83d9-4574-a662-2966c4211560
ece96e05-b631-4a1b-9401-af12f68e7fb4
971105ad-82b6-40ff-aa6c-859e278281ee
81fb389e-ab9b-43de-9597-e50fd3a9eff0
4769dede-ec9c-4205-904e-162ac4ac9d86
bec20882-158a-4c35-b0ab-7a9ab7aabfcd
31816f89-e3dc-444c-90b2-eb8a52a53b5d
b10af778-3be3-48be-8758-85cec5419924
30520a8b-7295-458b-9856-5316701b67de
a472e4ad-2eb9-4577-828a-66ad7cb6983c
cc6ebc2b-8f5c-4f50-a779-2ecee42fb7cc
fcf1fe12-206c-48ae-9baf-1a7980b14580
657c0dcb-fcd7-4e50-a50e-6aff4326a5d6
dcaca5d9-21c3-4d17-ad84-03637faf8154
0697e1e6-419e-4364-9011-16095e26ad5e
f66b419e-4e80-44cf-a5e6-61b94d831faa
5eaadfac-0257-4171-b332-c07d7a7de742
95e25017-de9b-48b7-a2de-2e919b946b3b
f99f50eb-4c62-4d37-b9ad-dfe60fbf7dc3
9a5adf5a-79ed-4da3-985a-5d8fb77b32ab
538d9cd8-f47b-45ae-a5d8-1f553e07686b
9fbfc99d-55d9-40cd-a9c4-b2f2e76a78e0
6743418a-147d-4040-a66a-acb3ad860c73
202ac9a0-86ca-4b25-84b4-b37fa5c32213
49df1c7b-f31b-4144-884c-76518b64bc76
ff9fc986-9638-4d7a-85c0-749b10dec76d
36108602-8299-4e83-ba50-38589391f983
dc59862b-b236-46ba-996a-4abfd28170e0
4bf3996a-bc99-4370-942b-15f0ee19b9ec
c8736940-8f16-479f-aa8d-5eca8fdf173f
6e497901-7983-4eb8-a705-4643d95c4bb0
68fcfa40-2cf8-4abd-a033-2a866da47064
40eadcfd-c31e-4f72-af08-7af34eac9fe9
0f65e46e-1a98-4d89-a572-2bca90ecfe60
ed57bd62-7b30-462b-acaf-23bb9b3e4ec4
bf354b67-cfb2-4907-b761-a7a47f31a6e0
8fa26d34-1205-45b1-9bbb-9ffe59898dc6
4ef3f31e-20e0-4c89-bdf0-e4eea3ff4d48
60e361d8-b7cb-4257-ba8b-411b3df9c93a
2d6afac2-c0f2-4de8-a536-9f3a841bc0f7
d3196dec-5904-451c-a1f4-f1217ab81eac
106803d7-8f47-4fa5-a4fd-ad55c5397202
4b76ad58-95dd-455a-9877-17b1338800ab
e7b34e37-f40c-42b0-a044-9b358e01ea71
905e29aa-088c-4737-97c7-e4444ab4339e
fcbc80c4-d5b5-4fdc-aac9-822d74112911
621109cb-6db9-41c5-908d-22e227cf4a1f
552d5b2d-906a-4585-8f40-6b966a2fe515
a88db8b1-d36f-4153-b4cf-335af2db41b0
9f4cd686-0759-4bfb-818f-52a3ed222a11
3a06b8d8-0b1e-4cda-b1a7-dad3c724b42f
d0a9a0de-f9db-4d12-aa1d-6462326710cc
c941993f-df93-4900-93d6-2662dd1de2e7
7f481bbe-fb2c-4782-963c-9e41ca2a9f47
1814f8d0-a6be-4b19-b68c-87ef8713b5ed
57c399e4-1c1d-45b2-b3cf-c240217428c7
c3b8fb10-a698-479d-a433-74fe2cc64427
c4645aa5-643a-4a28-81eb-83114de9da24
07699e70-4701-4d1d-a19b-3c681fc9c6dd
3807da36-d17f-409a-b31f-9a2bba9a6712
577eba0d-cb6d-4f86-9d62-106feecd7d90
25eb1110-b0e9-48a1-884b-e8f26c75b02e
913d1b2c-d2cc-4bea-a06e-44ad6d20008f
5bf87f80-382e-4019-bfff-cd95fc19e756
746fcd03-7506-45f7-af1f-6ac16586568d
c5aae4b9-d100-429c-9deb-24bee60ae869
82e77ad8-76b8-428c-817c-bd79cb8ce824
cb8f3e15-b604-4529-ab5c-3d9bf58e2126
28a02177-d910-4c50-bffc-630be70b1884
e27d6af0-8f80-4b9a-aaa4-af031b1c67df
cdede4a0-2d0a-49be-8f93-6e8921ceda6a
8dcf4832-dcb6-4877-a2a3-ffe2199fe2cf
429bb413-db57-43f5-91ab-51100c7b75a0
99f1ac9e-1de9-4684-bacf-23b838d4d1ef
87d24ea3-13ef-4d94-adcd-1c5f115fbae0
7ea2b42f-e59f-4ec4-8d17-722a2fe59696
b85c1165-42b0-49e4-ab70-f79fd04b93d5
d0564d43-b937-431a-90b0-89c1151b0513
ce9b2a62-0965-4a5c-86cd-3dca0f2ce6ca
6e3a7d81-6b5c-4372-8677-e8c3a0933f50
f121fa88-1ce8-4cbb-8d52-47b4ed702efb
de2765ce-4569-455b-a0df-21d84b478d9e
4e5ba4ae-2e12-4830-a127-fbfde5a7a982
31c6245a-3aad-40ad-aed2-72377622a65c
baf24ea3-7ba0-428b-9ea8-cff15f9f01a1
450ee2b4-b762-479f-90ae-4565fbbd4eb8
cdf1900b-c648-4e05-b4c5-aa17fc62731c
975dfa33-c9c3-4734-ae50-67778c0c67d5
dd5abdce-b607-449e-8a06-6c2428ea85d1
09db2f9f-9458-4bb6-befe-60aaa8bcae52
8a67f6d8-f39b-4e4e-8bf4-80b6eda451bd
6defd9bd-852b-44cd-a108-2bf2079525e3
65027dc8-eb42-4584-bacd-c201fede60a7
2d0ee8b3-6c34-46e0-8f4e-4e0b1f9e353f
00b269ae-3a8a-49e0-8a8f-e25aefe07ef9
ca2b3c31-ce48-47c4-9fb4-3074c13704c3
2fc16204-bc20-489d-b546-534efc7c7c1b
58870602-1697-47c8-8cff-ae89f960da58
4f94cf78-e751-481e-a2ff-4d58363adc6b
5662e218-a3dd-4d0e-8923-09829d56075d
70df44df-a2fc-4671-a729-5796c63e1659
61cc7eed-911f-45b6-b0dd-2c65ea7d1c00
87b63f1d-7d73-4f5d-98ca-a06030d8c3d1
34ec2652-4a69-42ea-b9b0-725c7884a132
da7ef6da-c8ac-466a-b654-6afe443cbc07
332289f1-e065-4aa3-b2c1-3935446d0f50
22e032d9-90d3-484c-981c-6cdf29063511
56c2004a-6d67-4b00-87cf-26951e56deaa
cfd7f401-ab42-4743-94d8-be75d1134524
b8115144-a2d6-4a2b-b552-65a9581d244f
f6d642c0-b82a-4d5c-bae9-21f4e484a354
9ffb5532-f5fc-4d7f-9515-73a42be6cc33
15637636-176e-43b6-876e-deffeb1fb08a
dc7373c9-9046-4105-a78e-f0c70c3f5cd7
158e4f31-0dc8-4a35-abc2-583a8a4c3303
a657e2e2-584b-4d14-a74e-74ad01b417db
d423580b-d3e6-4723-a9de-621c58c246a2
8daa44de-a0d0-4062-bbe8-2e36e0abfd84
56249e9d-d7b7-4501-97c8-39cc13efe857
1d94d395-7441-4891-9245-165d3d6ac16f
e705e305-19f7-462a-a71c-57ae145617d4
452f7b31-7d23-41e6-9d7c-f8356a643507
3bec349f-6578-4344-a549-74129d84a858
c48fd844-fe3c-4f1c-9eff-3cf087bb819c
6357028e-1e3e-4f80-aa9d-6a1b63c4980b
4c714d50-a012-450b-839e-2403ba2a4fb2
bdca45b9-2656-4cb3-b141-cdc32025d22f
75e0879b-c53a-48e9-b074-e380cc7e3499
507e5d41-8e88-43d6-9691-55ae996764d4
646b0fe5-27f1-4149-ac94-1ebdd6176095
4b85d2a8-6298-411c-b71b-9f8a74bd6763
357aee27-5b5a-438a-a8ab-f7e15e150596
d560de98-d0f3-4fd2-ab41-b578e4d1c875
83f70577-116c-4e06-8a7a-d1101f8d0b58
aaee9751-a730-4a09-badf-82f3c30e09f2
0c8b9a20-b2f6-49f0-860a-49a487dbbda3
c4e7bde7-337d-40d1-8662-9cb9334e49d7
f9a4f997-8528-4228-9405-b89e9758c0f5
7189899b-3868-4050-be11-ae0daaee1be2
bb01bed6-bc70-4b61-95a1-5801bccb3c62
cbc6ba95-5f1a-4b2a-9f10-2fb29c5f1493
6dceeb78-099e-4000-b167-1190b4006a4c
de2bdaf3-c7ec-4eaa-a7c8-acffee580522
6ad67ede-b5bf-4815-8458-2f5512c6b20a
cf5ef732-e34f-4afc-aadf-e3d9722ba8ee
aea50006-1a93-4d1c-89a0-000a978f5ae3
f17438dc-7b81-4051-aaa7-3374c6f90c08
0cd8614b-dafd-4932-9e06-c5cc389865a2
7984712e-3603-40ff-b99a-b630b553cb7c
0c783225-f4ce-4b2f-b329-1ae27c7c9898
437cc2c8-6f77-4ddf-86be-1274a79dadb3
42d68d9a-ec7f-4912-9a1a-c2a9b76be982
caed7a3e-d002-425b-9cb6-48b1d244180f
a8e1a8e0-2134-4939-a329-1b90d189cbf8
d3ceacf6-c061-4a0d-9c25-c92a224e945a
cdc4794b-9725-4b0e-9be6-1ad53fb198fd
21c34c45-d730-4bdc-9b4e-3ddc34ecefcc
9ff75c31-5a09-470f-be99-25d11ba3130e
9add858e-5c05-4977-ab3a-929a51559303
e39e1e53-4e93-46e0-a648-f70c36495798
c1751525-1553-40bc-8c51-d6f6b7969635
e885322d-6527-47cf-bc54-431e12e2869b
11e92503-9f5c-4b1e-9f00-8414a44d011f
1398508f-6c13-4a3d-9efa-fa2de7330862
abee21d8-9b73-4ee3-8576-eae42c19d857
e48a730f-cd16-4ba4-83bc-c1372e3c4291
17a5e2fa-90c3-48a3-8f15-25c6dbb23fe4
be7468a7-551d-4007-9066-520ff81333ec
c48701b6-8e2f-460e-9b93-cc34828719cf
9e692932-4f48-433f-b4e1-93c746aa1fcd
1668a1b4-743b-4253-8a2c-6c75ab7b59d5
e2523ffb-d89b-4a37-ba2c-ba4f3e9d9379
d018474d-9ec1-463b-8363-e75b7b402267
d60baef7-a05c-42b9-be92-bd201f83cc34
f247a6b5-77c9-47f4-8495-7d943acb4076
4834e132-b6e9-49ac-b1a8-21513a979b1c
213b238f-5c5b-4ca6-97a9-26ee772d65de
7fefc4fd-8cfb-47f0-8913-395923436508
7f99aeea-2cc2-479c-aa52-ff83f4052243
cdef0ea1-0032-4723-9784-9a923182b97a
00716671-a2aa-44b5-9ce0-4ceb58d11451
2fcb1fd3-b9ee-4de4-a61d-7ee19750c60d
660b7b00-6949-4c2a-a5c0-f5ec78a46737
9fbcf2d0-9b30-4d91-ab22-81c4acb814c7
c325272e-f80a-4024-9d15-26fc1ecc45ab
11ac14cc-54fb-4ecd-8a4f-333db6a8b32e
5ecbe6bc-1bae-4148-9239-2afa0aa68fb2
9b848756-0c15-4317-b7f5-2505e67c2a46
6d007b7c-8c0b-4ef9-b9c0-8881165e24cd
be54162e-b3f4-4646-91bf-505d7ccb1042
0ebaead3-633c-4eec-b548-a778ece2c40b
281717af-bea9-4b36-8a89-54fbe748de44
ae8b50e2-fcb8-4d0b-b4d5-582b6f4ce1a7
59dbb107-999f-4643-8701-93e8bcdda76d
d084e9ec-1ae5-4469-a516-9e0cdb8eced9
b09d62d7-26f0-452f-8ad0-fb89975509c8
fa82ac7a-3b0e-4a43-b56e-e1f19040e7b7
a2f3e732-4140-432a-827f-b7601386aea4
6fbf3655-f511-480c-9451-f2e4badbe9dc
52cf87a1-c2c1-40c2-8de8-fe00ef58c337
9c4b71b4-34a8-4b5f-adae-0afe3c1ca298
c13661dc-6170-43eb-9f3b-20eab39949df
0883b047-8fe3-4231-8718-f8c1e4228dba
e5a5c78d-d53c-483b-958e-9df885856a06
2d048189-1623-46f8-96e9-1e8a20fad055
0b650536-a8ea-4f71-a6ec-fa2709a07a17
09a4c112-5310-4dcf-a6af-fb90f57462c1
312c4d3a-24a4-4aab-b8a1-4f117a544752
1debc7da-4e7b-410a-b5c2-a82761a25224
03080494-96d6-48fc-8cd8-a3fc7565f578
c98ed37f-4fd8-4e02-a126-b12ff5327e34
6492b339-316f-4692-8c6b-9d6c57f26b82
d08d42b9-da7b-433c-9ca4-41ae892cb7f4
38e1a867-718a-4fb4-b4c6-0d6ded72c17b
7f8db702-af28-4573-b3f3-be17d4871936
fc61ce89-372b-4624-a4fd-813dd5021c4b
333458e1-4410-485f-a609-8e22c4b5b394
56ef584d-78e8-4695-ba37-99d8b4c165d7
ce3e8590-9ef2-468d-a833-127c3081a67d
55dd5594-ca45-4cd2-9f74-42d0a5544d4f
98029200-adff-4d2d-b103-ac766213645f
8217b541-231a-4546-9221-d8b0294fa518
82ebe08f-404e-415b-b1a1-30380cdebeeb
96e3d867-2490-4eca-85ac-eb44f3d365ff
a3471f0f-5479-4b33-a22d-3f651e601abb
7d0be431-747a-418e-bef8-a86ebd589931
d8d5824e-7ff0-4e52-b2ca-029dd3a18890
2c32e370-06f6-4f2e-ba6d-8432da7df6b8
22079260-1f7e-4be5-bb8b-e16f7cacf9ed
978dd92e-abcc-403c-812e-dee29a1667bc
176c9901-1c60-4a0a-9b2d-3b34adf58fcf
7a6056c3-5c3a-4811-80f3-6cc5f3751f3d
eeaab951-a374-44a4-894e-a9557450b317
8def46b4-c220-4857-a412-b51aa28f5ba1
5e14d31f-1a82-459e-aec2-a17719d6b442
ac8c21e4-17ed-4a0b-aa0c-ab1080f4b95e
ec16cb4e-99ff-4394-831e-d70bb5f3be74
64c54a33-d4a5-4427-b43b-40b31a7da559
9b4e0fb1-5e8e-47a6-afe4-4e268681e693
b79d6ca8-4842-48d6-9239-56c5c9454222
276cc0c5-ea44-4f98-adcb-36d67bf4f5e4
25ae95fa-9c0d-4fda-8de3-9913c6b8d416
d91920d2-d32d-4bb5-896e-85db85f6d138
811fcda4-2032-4694-a848-bada0554938f
f7c76436-7252-43dc-8824-4e70ebcd967c
52aed8f6-51da-4e3c-a036-c10cd6cf26fa
bb94ff83-fadf-4c4a-95f6-72c4cffe7acd
fdbd8273-8190-4f29-ad2a-0e7a8b6c9da2
3e6b3ec0-b198-48d8-b805-f98b767ca0bd
4c6347f6-3de2-4be8-828e-7750fb8ce9e4
cc05da40-1c23-44dd-b191-2c28633ffe66
5e2bb877-d85b-41e4-a71d-c02dfead4e44
2fef2235-c8b6-4c74-bc22-1c4be3646927
f0439397-bfba-4ae6-80dc-f608c7f26ca2
40d88b2e-df3f-416e-abd5-f681dc47b841
b7166b46-14a4-4e48-98b8-872aaf7bbc41
a90bb7e3-1d06-474b-97af-3ff350a42481
fbcdf151-66ad-4c7d-a483-7a125e3623d3
a76cda9c-ac5c-4770-b1c3-d18bad8d0bb4
de52553b-8d2c-413b-ba11-78b58d0480b6
53d92908-6b1f-431d-ade6-669665d69516
610d1eb3-74a9-4c9b-b4dc-c4e14f07549d
bab49d40-ad5c-49e4-bf56-bd60bc0c99cb
14f32d49-7ba4-4441-9c56-813e63c860dc
48e7bfb7-e480-4a2b-8545-b9635f40c52b
2a8addc5-5b9b-49d8-a878-9cde8aa49248
0dbc6e26-38f4-4be1-9f7d-5fed73706850
39a232b0-428c-4828-a3e4-34bf26c51943
65100bb2-1915-4dc7-b783-8b194ec30512
b9931273-ec88-4eaf-ac81-67c9d3da1d3c
99abd011-f508-46f8-b5fa-5f9d6dc16c13
7e695e87-448f-4d8f-a3fb-26d271f45abf
fe749686-ee21-46b9-a200-b1b1a6cff38b
ab290ced-4ea2-4715-a0ee-0e1e4a838e9a
c23569f7-adc9-42f5-b7f4-3d7671574445
870e5bca-3d90-484a-a6c3-6f6c34f73d0c
23c4259d-adf8-4ee1-995a-9a78ab557e7c
3f54bc01-0c85-400c-a06a-3d4f01034514
9f02461f-9c72-49a1-83c4-674d4ccfb1a5
1325cea8-8292-4883-955f-b2b613731bd5
8e9f0acf-13e6-4267-a8d0-b1842ff50ecb
18935d7e-6ee8-491d-bad9-672c16ad7c24
012fb614-dd1c-4d47-b4e8-d6e931db5cbe
e41cbc83-0e80-480e-9ab6-3419c5dc6a9c
1c1dcd89-87a9-4d23-a264-b2ccc801bc2f
7309f09b-9d3b-47d5-8794-3f9fbfa3b8f9
c1e787dd-92ea-4861-983d-b9a15715a06f
17bf14df-8766-4b05-83ed-190c06c11371
6272844d-9c90-408f-938d-32aa121a393b
4907757b-a1e2-4615-8bb1-801e18518f11
604460a1-93e1-4530-b180-95b8e33e6a8c
be714022-6fd2-4368-9453-2595d7c05a9a
77a0e4d7-305d-4d0c-8fd0-bae704f59ab8
90a07760-566e-4653-8425-a6e07950aa08
22a9d20f-afcf-4b9b-89cb-2ad7e3d7af18
15e7137e-306f-426b-956a-d36ef4a460cd
83431731-43ce-4fbc-b700-e8f2198a4c30
82be6147-f80d-4b2a-9970-c82820d67d50
bcc3554e-786b-4dd3-979e-bd396ce0ce47
d5a9e960-0a27-48f1-94d1-7acffa69c17a
cd565a22-a450-444f-bfb1-f5b938b54afb
0fb2c7ec-fd66-495e-908d-8e5aa2885962
6d9751d1-8880-4799-96d7-52c7bfe4b0f6
3dcac486-55aa-437c-b7b8-18a5f45608b2
ac400b7f-ab6f-4684-b796-375b89b15fa4
9c46fa3a-0822-4472-b8d1-e4549b4fd795
97117b01-f2bc-416f-8df5-f6cf3067aa02
1276a128-8813-43fe-ae53-7a2af8a2ea87
9f250f80-742b-4882-913b-a250c5ee0669
e2d9b35d-4efa-40dd-8aac-20596c12df03
8d88ac78-3d75-4b46-92ae-8cfe9ef5a31f
91e0ec46-212e-415d-86ae-9b1d5c73abfd
7639d5fd-fc0d-4b2c-a485-197547f53941
ebbf5ef8-7891-4ac2-b5ef-baa9275379ab
bb4dc584-0ce0-4be7-b672-6dc56fa1d21f
f70210e6-9bb9-489f-a3c3-431aa0385b59
70d3d025-146b-4661-908a-749895bbc0b7
151367aa-4dd7-47fc-8b1b-909959707031
bf49493e-736d-4445-8069-3f14ceb5c5d0
86d3f64e-13e0-4d0e-bba2-cdf98a680fd3
ce6232c9-1ee2-4375-8127-1b6bfc742d5a
87fcb4d6-e0f6-4817-9afe-1097eed602ad
5497e25b-96a8-420f-90b5-c274f20aa458
ce222000-c39c-4cb8-a89e-3276fb0c8c72
1c8c13b1-6e3e-4e85-b2fb-742ed34868b4
1fe86152-8900-4abe-a769-ab355b70d4c3
60fe60b3-4914-4266-bce1-3694aab45536
2af9cdc6-dbf7-45a4-b647-c4a6720776cf
695ee359-b237-46c7-abd2-a5caaccaa194
55c11fcf-09e4-44ae-8552-ba2c99ce06ad
0817ebbd-e1c5-4801-b050-59a46286a191
de1d6f0e-7a93-4482-bc00-76375d3dbb55
0db0edbf-5c32-4187-835a-f808b7927635
2fbc225f-5d6c-438d-bd98-7364da47e281
85605990-c990-41e5-b3fc-36778f6ff0dd
b464f8ad-85d2-4ace-aa7b-783955e58bc0
a5aee9f6-db88-402c-bb54-e37b388acaeb
3d22e0a3-6f96-4bee-886b-98105fe5a150
0d554f66-d879-4bb0-b403-9340228d1378
a1ee826a-1b29-4e67-8268-a69045054257
56eb840f-24f3-4e50-bb7f-8b6867c88827
330530a4-51ac-473e-bee1-146811d2b5a4
9257e71a-7f27-41db-8726-dcca25c7fea1
d16a2b8e-2391-4770-83e4-4255e040c1e3
89dd594f-6063-4afd-b751-e9e3f2283fc8
075dd40c-ebe8-44fe-a6ef-b3e6846d4a9a
53738f70-e1a9-445a-b1d2-e8684a7fd683
518c1f28-bba2-4f1c-b429-4cc5cbd98dc4
db35710f-7ead-41db-8e16-5ffb3022f7cc
f8d9da9c-0451-472a-90e9-67d1d72e3f6e
7d2ea136-ffed-4ef7-9a57-3ef9dc6c8b7f
1edc29ba-fd5b-4bdc-b362-fa776161cc7e
fdf0d0ed-a031-44ce-9092-968f592c6cda
2f6ef86e-d5ea-422c-be19-dd41d36ed503
ad85db23-9f62-459d-8d2e-c97db732af75
3de38a84-635f-4b0f-8db6-2d9ef1a049a9
99270da4-11aa-4ec1-bddc-86c952076aed
3d7a3a1a-f9a0-4c02-8759-5642dcd4cd1d
48d9d37d-03fb-4f5a-a05a-3cf974724f02
1b905833-e8bd-46d9-a5d9-db4391c3d8d9
fbdff99e-6cb1-477e-a4c8-976dfd71060a
2c7fd781-add1-401e-a702-f325b136e2f5
c0f6f88d-aa68-4292-a89b-8aee901eb8e3
2b31ad7b-8678-43cb-b7d6-0694c4f002b7
7d1dedd0-1cbf-4c14-9486-d898a47496fa
3def2065-dd20-4eb1-8ffc-58f0e898b51b
f88cfba5-f570-4d05-98eb-b6700c2c7cb1
7d7edae7-84ca-47ef-a306-207281dfd0d6
0e6694e2-54b9-4d81-a15b-d8a36085180b
b16d4954-7629-4249-9166-293e6d140211
bdc10d15-45de-4550-9407-ad29a6685d88
31d4a71d-8226-4b8f-bf4b-fb9fa13bff69
51511aec-8b3e-4769-b0eb-cf3e89da00f9
dca7143c-fdd9-4002-8976-8dfe25c5d510
0176c453-f741-430e-beee-35d0701ed70d
c45aa7bc-755f-4db4-9913-5583d40c5879
5ce857e3-4066-4356-bc12-93d642735c0b
9e8b64f4-8999-4129-9d32-0e0932d2b86d
06919e62-36ff-4884-ba08-4e53b9442a67
87c39284-94ff-4ee5-8e10-ffdeab9d9a1c
fd84bb72-d207-469a-b895-2ab558f26e94
81636e34-f0c1-483d-a1c4-174fb518b75e
31c32664-ff5d-45bc-91d7-d0fa9d8e202e
05da14a4-2998-4b84-a2ec-348cdafd7951
41be0cf2-4376-4bb2-8f0f-a28b9130c243
891f684f-bc7b-4ed6-afac-9ee6580b6558
c1c3e807-2831-4aee-8dbc-ed852212950b
bcacadff-33e3-4eab-bdf9-6e4040d90a56
66de4fc4-4363-4cce-aa98-cac7cc10c3ae
b284505f-7476-4bfd-a51f-a3b72648e463
92c05579-d992-44ea-acbf-732c499a1e36
ba99cd67-efb1-4e27-9d35-49f5f4f3a3a5
3051503c-136d-4ce3-9713-58a3a4e01a60
524de37d-ed74-4acc-8df4-7ec4033e6076
0a9241c0-db86-406e-bed6-b18ee0a92ef0
e82ba427-7d75-4790-8b3f-e563a6ae4e6d
570f4101-1730-48f0-8a90-d87dc15b6790
18e033e0-3540-4cd3-91ee-62fd0cf0d83a
bbcf84e6-4f2c-4280-991e-da68a718a80f
4473b83a-a07c-4732-a409-b3d6caa5b1fd
24c5336d-cf59-4461-a848-be39042ae0fc
0c317b87-d40e-4d41-b32b-edd2773840dc
51159c1b-0e43-45b9-a206-adf657ff8fc2
61830a08-dd2a-4b3b-9535-a6b2efcf6a39
824efd80-99b7-4601-a33a-22db8d5096e0
c34b9c4d-da7f-4377-9278-1c5f21c07b8a
82998228-f474-4f58-b86a-43ec45cb53d7
6996f7cf-64e8-4498-a5c0-865b12c4f4db
0831388f-15a1-4287-a4bf-9ad67a822001
4f1984d1-fc2b-4383-bb5b-56aeb6f19021
a6e308d1-ee12-4c95-af50-8640a0dcbb14
9a449c15-0114-40dd-9ef3-2c19f062a50b
aad9a145-21e6-4562-9076-32398fbb704a
8ba722a1-9211-4c6b-8523-69e0bd7361d3
85d21490-19f5-4770-b1ba-5a20ef357ec4
b3a52400-2f8f-47f2-ab0b-02d7c764d316
614069a3-6507-44cd-91c6-93e14f914deb
38d21397-07ad-4ee6-a168-3fe63aa827b1
d5b60760-a846-43ab-a250-62811b41be5a
b9b94a1b-ee53-4fd2-8ec8-6615895253c1
a8945641-999d-4e5b-8779-22fd242a252a
e0eb0aee-7316-4750-bb74-bd08acec62a6
fba0ce6d-b753-4b6e-aa85-fe59ac923f4d
e1561455-2b07-4cf3-b30a-c502601189e2
f4c773b1-f27e-447a-959c-6c17cd7acb8f
19f604f5-21e4-44de-aadc-9637a18c746d
aea0f95a-4e68-45b6-82ad-f9d3b130eb56
6bcc5505-5e32-4919-9a02-55378f5c38d0
25432305-b70c-4b8a-b9cb-39e49aa38910
ffbcf763-b2bd-40ba-ae88-3a9444629883
1135df90-e857-40f3-a1d4-b3b92672b7d5
d9415252-7d62-42bf-9aac-c2744a258ed0
7b4d5793-facf-45c9-a27b-dfa79e3f83f2
887e91a3-9f77-4cdb-b1cc-c7fe9c57ae6a
3d8d1976-0640-42c1-b5f3-55e6cf67e378
85520f14-5ad3-4489-b5a4-02faf250035c
dd08f4b3-503a-4eaf-b52e-caa4c20d717c
460b3098-e7d4-415b-be05-8ea65c99128f
ff2c08d6-c467-4bdf-a6bd-a380c5aa6dd9
822d9e4c-5f06-498a-a658-02be714c4d1b
26403450-3d1d-41dd-8831-0c6dddd61773
3958f282-23ce-4792-b6ae-fad15acbe065
ce85bc2a-4c54-4874-bc9d-67322a7420d9
d9425687-032e-4902-a2f1-6244a3b54e8a
d69bff8d-4eef-4957-8fba-360ec00c9235
73b26702-1c93-43bc-8ece-6ae0091d393d
a276ac41-b036-4111-89d2-d0ecb541e469
58bef482-6b48-4143-b41d-21431910649d
fb4e5269-8559-4ba4-b155-3f847a863c65
65b6660a-62b2-4bbb-bd66-726768d4b5cb
70056bed-fcd5-48f6-8fd1-0a1302f2d150
5fdf6d35-78a4-4307-a2e8-9ee7c34a8b4b
f0d9c7c7-0302-4731-b5ee-277e2cc982fb
0271304e-8d2b-4c5b-bc29-c9db128c53a5
c65cecbe-be10-49b9-aab9-e00d235c40db
d0db7f9e-e250-4bee-a953-b5a70c566a26
bd2332b0-e9e4-4198-b673-f4e60eb158f3
7d4f210c-a5bc-4d45-bae9-1d49d7e8faff
3fa4d147-ed5b-4c3e-9ca3-4e55f118eab9
7424d5f3-caec-4985-80b5-239e2d768ee6
018fea61-dce2-4a3e-b28d-0241fd55cf6f
4b6a4b82-73eb-452f-9d15-df1c263ec379
338eda5e-6096-4a3c-bfa0-a627e2e66e36
37911600-35a3-4234-a4f2-ac3236a25523
3446ebbb-8b96-4131-a078-0260a7bce65e
71450a68-2501-4ee6-8889-7af1bfad2964
50fae11b-2208-4f80-adff-8d4722ed7d7e
6c9a2101-9c47-4eb2-bb73-431e6e1d2bc0
68979d50-defc-448a-9680-ca55ad8151d7
358cc2bd-5a1a-42e3-89d0-269ed14dced5
918c13a5-8c8f-4f22-8983-bfbe4a28ed9f
50c39bfa-32f6-4668-aa13-e848f91b754b
a9c02d1c-cb8b-4c2a-b417-2e3ea78e7e8b
077dbdd9-2959-4db6-86ba-8d0372e09ac3
8df1f178-a605-42b8-a1f3-7f8ae124394a
a4b20e97-8511-4f59-a96c-9c1965f1d933
41c3dc21-d259-4339-853b-30b92f57e711
f9a96356-705d-41d8-a8fb-dcf558fbeee5
ce207229-3af1-4e63-b930-625d7450d0d6
7214b9f5-c05e-46d2-bea3-4de9fb19a735
7cc43a8e-65bd-4256-a2da-4376aca91517
9282454e-31af-4d86-a252-e1b80c1b7473
f0c15d8c-b6b9-4918-84a5-1e93f3322ac6
1de35010-6d48-4bd5-a118-dab472c0f422
cc213c4a-ccba-4c08-920b-f79eefe1cff2
4cbec884-2919-4f99-b3c4-8ddd8acd6033
fa29d13d-073c-4a37-bb7a-b2e3b138ab95
4f6fbe83-11fe-47fc-935b-5fd508de374e
1eb3ab7a-c1cd-4b57-94ce-5b7d0f85e478
d6975d71-cbae-4caa-a576-9459144f0ee1
4d2ed670-add7-428e-a273-3e3e92638fb3
0055db6c-7cff-43a3-92ba-e5da68140db5
68a80886-452d-4080-a496-d50c3bdfaa47
70d6d1a4-09b5-4930-9e2c-28eeb7102dc5
ca1801ff-5102-4039-b4e4-f1d30c4b07c7
9e531be0-aacf-43bc-b0f5-864ae8f364b7
fd476dcd-f408-462e-a14f-0f7893925e0c
727e4bfb-b2f5-4880-88c5-f7b65411b850
70de58f2-3704-4aa4-8fec-07fb3deff405
a2b7f4b3-7660-4b09-9a98-f51b69070a54
df7a01c2-c7ad-476c-a1fd-a53b998e1b7f
66c206ba-635a-43af-af6a-a6cc1f70d207
128947be-8478-4ea1-bf64-32328df8c9c4
99fdbfe5-d491-497a-a861-22141b616e37
71773e6f-be7c-4481-b2b4-61edecc7eebf
fea02f36-4458-458b-9e70-5f9e9d4e7cac
c43d49bb-76b7-4d9d-b817-75ab15d9cf57
28230547-190b-4776-96d5-625fe5861d60
eb86393d-84ca-4677-b8a2-85ef73d800a5
f52c5118-3e97-4a61-8046-744aa4cc7e6b
932d6df3-865b-4645-a878-8209bb3c2f67
fee40220-15f2-4998-b0a2-1356d962a2a7
5f48b087-501c-4a0a-828a-d50e3fab1541
0cbdc2ce-df78-4cd4-817a-eed0acf2f8dd
1a7fa09c-9291-4797-afd0-49c0e5aceea1
036bc556-4701-4cc7-84fe-0b85d90c008d
ccb61e23-9f17-4494-a481-0e82a06b5a5d
0dbf25b6-845f-4e6f-808f-f81b297a86c8
ab6b2fe3-b686-497a-8f0e-7e65b9d4d2ca
44efc3eb-5d23-4927-aa38-5e2932ac430a
8083e3ab-eed2-4db4-92b2-e1b37163987a
98ce719e-00e0-44d5-af97-21460841bfe7
32c87c75-91e0-4fdf-ba83-fc3a93b64519
298c46ac-6a4f-4f43-9b15-f95f88090d3b
52421ccc-e1bf-4c91-b66d-13d155947c06
31740227-96ee-4f5e-be03-31351ccb7b36
8fb8a775-a5ca-4b31-a007-a698b3c2cee5
38819d19-18f8-4cfa-a5f1-b112d82fab50
7b415827-464b-4a84-8c05-5438d64776b9
838b70c1-2579-4b4e-845a-310be81431ec
3efa3233-c722-434a-8bde-06367b07002d
299810b6-7d69-460e-8907-037edf832d1d
9e7f0b16-8cce-4685-913d-48b3ba9ef6bd
337feb20-a1e7-478c-b7a5-f8e4045ebc5a
542240c5-9bbd-4845-9ee9-a4888521e158
9c5f6ecf-fb9f-4035-8401-7d4b1da457a0
27402130-fe6c-4199-bf25-e624370d264c
05615aa3-2509-4586-8631-55f38f4b5ce3
12f1f8ff-6017-4a5a-a114-48f63a4f23ad
56a6412d-63d8-42db-bd5b-677456c3b333
9a9348d9-61a4-48ae-be2f-a34e8769ce47
db75ea0b-8918-46cc-a5d4-7576f50d4da0
aec42d13-c739-4099-a592-1823696b0976
2817b6c0-2d0f-42fe-9d90-d1f60c4aa203
77eb1175-027c-443d-b55d-68d3fb45a753
34df4eea-7eb6-463a-b538-967733883b70
3cc0f211-4a8d-4582-bb32-e7b99fa383da
ee521cfd-db85-4f23-a673-c9507fbb7d9f
15ae8cc2-7705-46a8-ac6f-5b644890f7d0
509fd2dc-7cd3-4929-a8dc-bf7ff35b05a6
29fcf579-aa4f-4e26-aeb6-c17bc9223d99
b15cb2a2-e463-426b-a014-6306ad06bbc9
e2aab2a5-243e-4ea2-bba8-7be64c478c3f
823df73e-8b6c-4560-ba89-f64dc10ea8be
1fccdbff-9cbf-4eb8-89db-9ddcc9a8bf66
ae219e03-62d0-4c6b-a69b-9549eceb7a9c
910dba8f-1b0f-4180-80a3-59a9d2e5b76b
aff29668-0668-490b-8c6e-39824dcc9442
9f8862bd-159e-429c-9fcf-9e07344f7da5
78a67629-ab75-458a-add2-e4debaceb0e7
18843e9f-2f8d-4ad6-9753-4ace2c5134d1
f71f2fce-e022-4dbe-bf5e-a532f8d00bcc
52689a1f-a6ec-4ac1-8f4f-605c8e9d1664
95cd4bb8-e4c5-48fe-892d-90b7b38dc903
473158df-da18-4532-8dd8-be17834bdf48
0ea855fa-be55-4e38-ae14-4192a106901e
92ce7b70-f547-4bb4-a586-4b251a946524
5f604b23-1a3d-432e-a94e-5e26cdc0bca0
56cd55e8-a7c3-4a9b-a03a-0e1a49b4d733
4c87ece3-0a61-42db-8661-2b1c5e18046b
639438da-5bf1-4fef-b0f8-96ad32ee9454
91031675-d5d7-4431-b104-a636151f277b
d7f7dcaa-9cc3-4e5a-b358-00f4fe1503e6
6aa98e68-bac3-44e3-85c2-aca647dc64cc
7d2d82b4-9526-4ff3-8c89-12b8cc998049
8abddc00-66cc-4083-99ad-dc5bd575a14e
3bd3cdf8-5118-424d-907e-db26753b7349
c387a500-77ed-40b3-a531-bc15310db867
d71e77ff-8cda-489f-86e8-88376e986d3f
cc35dc13-1edf-46a2-9567-aaf6fbb4e749
b7964d22-73e7-4623-a02b-fd5cdb2814d7
2d100bd2-c07b-4224-9059-5ba2dd122bd1
5b829aee-1ffb-4481-b3a4-278038c6da22
9d1d1b46-bd18-4991-99bb-80fd9c3f8c2b
cbe693e8-d922-49e5-a8bb-c3e38f40b724
07ce18ee-1792-4aa3-be59-f2d35a956194
ffde2f15-8f7c-4f85-87fe-1cbc39edd879
9f6b54f4-686d-4acc-8a51-387bb0395d7f
94619ede-0c2a-4596-a4f7-6303995aed07
57ec899a-2233-46b0-a08c-658b4ffd42d3
a7f175ac-a0e8-451d-9a79-4499c26df326
e7bf4539-1c2d-401e-9877-ad0755ebc991
a29cb5ad-bdcf-4cf4-bd42-b7f2e9f0e67b
dfeeb2a4-0d65-4bde-a5d9-d5a3cce17f53
410039af-2b59-4ded-93e2-eb253d0a7173
bf6693cf-0edb-499e-b80d-0322fde7f90b
c4fcb0e1-4815-49f5-9a07-cb4ce213fe26
5acec536-2c4d-4ff4-b284-f2aa101132bd
a6d9c7e9-74c3-480b-a471-6d55573cbad9
96644b90-86d3-4fa1-b3de-98dba3a26c00
1841079e-a777-4c33-80c1-58c50f9bf497
8648da90-4788-401d-9490-9585cd31cca8
c18231db-0c66-4a4c-99ab-18e1e3069f12
97210b6c-0317-4a07-8fff-6749e74b6913
b8e44bf0-cff2-4a83-a099-e8fb7776cd28
27f8f6bd-f471-48ae-9a3c-5470e5c174b2
0ba11ff8-5501-4ecc-8b42-22e436cd5a3e
041af3da-d33f-4608-a91f-754180e3a9a9
f27b8a35-73cf-4d21-9704-12cf1682e574
657571ab-5286-4319-a6a8-53b297b9820a
b2488e09-d33f-4307-89b8-cfe10a30eb5a
359c776c-0f5c-43c3-8f0c-d25e87ab9705
a9a9d653-6fda-4d8e-8247-3429b1e00b5a
424995a8-2861-44b1-a795-468987684d4a
cd39cf8d-7254-4270-8c32-4dd4ca46bea9
1757f79c-811d-4d85-b7a6-b819ad6ff48e
fc0d491f-7d10-4d98-9543-660fd74102c0
b3010ae8-03a4-4d77-86d8-3468c9aeadf5
bdda490c-481d-4d93-8f88-bf8ef967a84d
5f680d01-478e-4bb5-8500-8b42af78c459
b5cb11ba-3fab-4bb3-93bf-f3b211d830a2
f12e09a3-ff50-4a36-8409-06d147f3db66
d0acfd0e-5718-4eb3-ad39-36784841bb9a
0d195a5c-ccb4-4a96-80e9-963606603dd6
c14c178e-4c06-4879-9f8c-a0f3fa3b092f
7ac453a6-4ce7-4800-9b42-f0991bf97097
534dc8ea-5ae3-4920-9994-a97985d226d7
ca740018-403f-4152-8dfb-a601c8ca40e1
830e7cde-2a0c-4801-be82-559cfc22e32a
10a2651d-893e-4e9b-809e-54c8fea5ab23
019ee4bb-f8de-46a1-a3f0-a70a9dc47500
d2c691bf-6c84-4c9d-8c03-0fd6b7407a09
727e20e8-7488-47e4-8368-2df2a2f08bb1
16086b74-fa44-4936-83f8-f82ee1ff2b66
e29db3f2-f6cc-48f1-a28f-c661561896fa
1cb49d8a-4a03-4696-9e9a-da2df00a8922
70f7f240-c20d-4b93-bfbf-1d3dc74bc04e
00ea20a7-8a25-48e8-9fd8-5837c5c66661
45e16db0-c4cd-4c57-815d-d05177b9364f
a75484cb-0970-4e55-bc11-60e1aff7e631
9490a855-cddc-4e6a-9fc2-83ecbaf7fdc1
765c8777-f6c3-424e-a745-86328c65a722
f79f1fe8-db43-4166-8c0c-33f685a12472
669a32fd-c6a0-4a0d-9e78-65d10d066fdb
ce1aa897-2799-49e1-8828-52c1259996cd
977a783a-c18a-4205-a5f6-204c584355e2
e1ec9769-b99f-42ca-aab9-9b16ed1a4c6b
f17e10cf-bec6-4cb6-ab0d-5ae24cdf57f3
ad9f8156-c9a4-4870-b5c9-ec3be13380e2
be6acfa3-6eb4-46d9-b0b6-d1600329d12d
a42b9da7-12ad-4d23-8818-bc51d1115a3c
4d5f7995-c598-4a21-aa85-addc8dee47a3
88bcf988-e7bd-4b74-8756-d0a8de5eda4e
e073a790-a7c5-4b71-8a65-990d0f067f23
cac72272-8bbc-4ce1-8ecb-85de375f4104
831c7aea-179e-42fd-bfad-b0bc69d41cd7
1ffca90a-d76d-4e25-af02-d49b4a4444b0
d36c1752-ecc9-4e94-b788-c662100d9dc0
b8b3ebee-fcf2-41c4-aeae-5359412a9db9
0d926652-8fce-4c1a-bf6b-1c0bfd942a47
6475bea3-09b1-4ddd-8afd-8b7b84f8d0ae
e71c4c2c-c64e-4d15-99eb-344a27522d3b
3ed11597-a2d3-486b-afb6-c64bb8e97433
0f1dfc1f-8a06-48b9-a452-4822db5b775a
8b788ebc-fb59-4d01-8888-bdc30eb49444
3c21b620-c14b-4052-8fec-8d77bb1e5590
044a4e82-05d5-4b17-8328-b8f3984ac541
f242add5-23f3-4b74-b330-1ec2555d1add
c763813d-fae9-4dad-8db9-75121eb1c1c3
986192a4-f216-4b51-abb7-f820ca4f63fe
e41af9e7-4333-498d-8f47-8eed9a69370d
e795ac82-1948-4ec5-86e8-346924a90c7c
aa4201be-9727-476a-9b80-20dd3d005f24
7701abf2-1252-4e47-82a6-cf619260d059
70a201f2-4bc6-4c51-8845-df8a75d03ac1
a7477795-2cf9-4823-8952-63871b5c019c
cbaa4d69-1385-4974-ad41-11a226c423a7
5b29bbab-62c6-4908-ab9d-1a1905bb5395
577830bd-cb63-44fa-a02f-4056976de67a
02e0d106-1932-4006-8e23-95f3c704376d
253c5b9b-40ee-4d31-ac96-96fa9b6bf903
ba51b579-369d-471d-b583-7ddacbdf3fb7
e7b91c18-dd26-4969-913b-020c2d3d518f
c5c75d53-f7ca-4ad9-9bb2-9713c423f0da
34f77553-a8f1-4fdf-b277-a6efbe00ce2f
d0ac64e9-dae7-454c-82b2-11424f7687dd
f54ae239-a891-490b-be00-a74d49007dac
1a7004fb-ab79-4136-8f75-e91517277188
5554961d-9b37-440b-a611-8ba648b06863
814b2a15-7858-4fb2-b517-0e88d95492d5
bbf03af4-5c0b-48a5-9948-244ed2342a4f
4b244217-6e42-4b67-87e3-105249576a42
4399bdf8-2c08-4406-a17c-335242a21908
a10febd7-bdb4-4f94-b1e7-c65eb96818f5
97369cbf-bc0d-4a21-8989-bc5e57ac92fa
ab46922e-436f-43d9-b286-db5267c1d7f1
43fb9fbb-ab0a-448a-ab9e-6d906e0b49ba
e49b1050-86c0-4241-9a0e-52d83fde7407
938f1b70-91ce-438f-9f9f-43fa02f2b5cf
168f88d4-980a-4bb9-89c8-fa0bba451518
04ed395f-2deb-4bec-937a-e84647893e13
97bc0233-a0b4-4a11-9b95-64042c3fc2fe
c13a13cc-0788-4350-8c4b-5946be888bd4
4a3fe6fc-e498-4d43-932f-fdd9c20cdf1c
b5e9f7b0-37c3-498e-a588-8dd7be20d60f
b61fc985-2f18-49b6-b3da-58612b632760
4d580320-2ca1-4eaa-b9f1-79a00cfe4c3a
c04fab57-b15c-4059-8ae7-173a1fe69456
9029137d-1362-48c5-bb1d-059b63211da8
b4bda5d3-c968-4155-9620-28f52233866b
a66577cb-f727-40ba-b20e-1a34a506897b
3da2ee81-e771-4a64-9ab1-f58dabdb8f40
e9838a44-7ce8-4f27-8089-c795fa1e0c6a
8ca85034-101c-4b47-a40e-29888a4081fd
6b5ec2c1-64eb-40e6-8659-5f9857fb6618
7893136a-31eb-4647-be18-4544dd669e06
a6e17a7f-1683-4465-967c-1616c01df0be
0a2d537d-1120-46f3-b353-9dc562f99b0c
46e5b53d-ceca-455e-bbcd-c4aee295a041
146ed19d-0373-4d68-a88d-ad4199c71657
b9012714-7643-4252-a455-55b500217c15
d453df12-189e-4399-8e1a-15a93803b1b7
190467d5-f7b5-4772-87d7-8b0ab9643582
3b4fe69a-6587-4326-b318-f4dbf407805b
c4c27c1d-d10d-4211-8747-e040daa52b71
48f3dc38-25ae-4571-be73-89bf2583993d
f32cda87-ab34-448e-8c38-53f5d4a921fd
c753a344-fb0c-411c-9640-fce8d9696e05
d3d6c50c-d1ff-4883-995c-763e2b378f70
0a00e05c-8008-420f-b1c4-db705db4ea92
4989e028-0f10-4bdd-8294-fe93c3529ae2
16dcd84d-339a-4c7b-8a9d-32ff893df570
bd1af4cc-9840-4296-bd35-5b2dbd291258
3bee6beb-8cf6-4e35-b985-be0889dbd7ae
07618367-5f07-4e3a-b823-d47185551093
6f0eb024-c03a-4ffc-8bae-7da7938a1567
1a32c9c9-8a89-4416-bc29-6ae6d7f0c5e0
f335264b-8a80-43d6-8b3e-c2b1cadbdf4e
3a4dff8a-3cd7-403b-a8e2-87e7ec749a62
045f3d6a-a83a-4000-840a-ed63abfe8725
20cb73d2-2383-4fa8-b656-4fd61a1c2647
2d6230cd-7cd5-4879-ac65-f2ccb8cdd8b1
b9839137-0596-4845-8464-b5294b798ada
7f944f01-7415-4ccd-9baf-a5faa89ea1ae
dc6f0f96-c9d7-422c-bf5b-054a6e8adbd0
c5cff1e8-414b-444d-8701-a27e2da125f4
583fadab-50bb-4665-8d0c-b134a4c2f583
64ee6b14-6435-4008-8b30-e54a1b2644f0
a7105948-f723-4ee1-b2df-e0900f3d8119
c819b731-ef78-40a1-a175-bf2782d27cb6
c919e257-03e0-4026-8bab-4b8d5b28ebb5
c0a5c897-c4cf-485a-97d6-2283bfbacee6
c9d44f33-f5b9-4ac4-9512-f960f6b3b622
b7ae5c38-fb03-4a3e-891c-15572a610af9
633d41a1-fdc7-4bcc-8184-1447566c0f51
c3fbe0da-6e45-446b-9b7d-27489ca27bb8
d61ba7fb-29a9-4bab-bf0f-b5cc6a294480
9671b350-3529-4d5c-aaa6-f33d86889433
813ccbfd-eb61-4356-bee3-2ddd14fc4faa
14695716-e3fe-435f-9f00-e201d8a83547
45e155ab-ab45-46cc-8ee2-85bcf3c4b684
bbb24a10-6fbc-4c20-869f-21c5b2504f26
0917bd93-cbb8-4095-9886-6c403f028980
3014fb96-80fc-4a44-a92c-291c28a52e90
992c4754-ab5d-4162-aaa9-746786d9b7a8
a3c39ea5-720a-4863-894c-a9e16159ada0
25dc9218-bc6c-4bbb-82f4-c3ba8404d8ba
f6431696-6cf1-4bdf-a860-56b9da2a9898
b059de62-7199-43e9-9dd2-5ea22df23f43
c04052f8-0507-4d94-9904-503d5075b22c
a07ae8b9-beab-4ba0-a30e-06b19e74f601
6966ef5e-f7f9-427d-bcb9-a914b7b42b05
7e7b1a79-fb56-4f00-a997-7fd6206925de
1f86b82e-5cb6-452f-a620-830f478dc067
92a14814-539b-49a9-abaa-0a3a423e2e4c
619900e1-a737-4497-9fc7-3e9a734927f6
9f5e84b7-8e48-4f2d-a690-2a0e45a438c5
2dbe6161-10c4-4bab-b260-6040f5e43968
99fe2016-4ed6-4a43-8215-444b7ac16edd
bc09fd0e-08ac-4b3d-9712-eb7af40ec2d7
0301e6d3-8709-4e08-adf6-d9d9bf1d1c77
71bcefcf-25e4-4a0e-a818-bed291ae94c6
d043f18d-c7de-4d80-a358-f5a49e4d7974
d62eb570-ffd9-491d-901f-06c86dab516d
f1c3eb85-8836-49b5-a285-a0d225464f8f
96a72d98-4b99-4687-880a-483085d7be95
aa5c9bf8-f870-4433-8f01-e0eca3fe2d84
8310f654-89c2-426f-a7db-30fb4e5c61f6
659ede65-50e9-472c-951c-983957f85c65
6e15e810-ff5e-4f56-8e7c-e440e8fb7788
29c57692-d2e3-4ede-b894-c31ca024cf1f
5c16f206-9478-4f89-a696-8b3eb2c3975f
a00b0983-32b6-467f-9ee6-26a8c81dc359
6095cd76-9a63-4e40-94ff-ee1ed5d8a2ac
c6530c3c-4ec2-4c35-8997-ed2f9301ebd9
35982b38-feb5-4c68-b2a9-0c11bdc8601e
e4742181-8e14-4e17-a98e-9bf2866af453
7f5ad1e7-d323-4f0f-8a27-566f0455de73
147d671e-0172-4763-89c6-281e5bd00e9a
af735123-84fa-4d37-86ef-8619bd9712c2
b688fb7e-66ff-4715-9ddc-ddfd6847b7be
2ec51e5b-77ca-43aa-b1a6-00764c00f688
e30093f5-2acd-4a79-820b-bab5457d71eb
6277faa5-378f-4c87-af7c-c8a250fd9180
5b32c5bd-a2e8-48fc-aad9-d43d9d939af2
80b7768e-3045-4bab-9614-a6832007254c
937f4b00-abdb-4cea-8423-f1f3dae1fc58
bfcc036c-f4fb-44ff-8a5a-bae64fba6807
392014cd-d509-4ba6-bfc6-98792d28a854
413a308e-fc0a-4004-ab1a-7783be8cc17a
507daf8a-2c70-44da-81a1-883465e40bff
30eb3469-c475-4be9-ba03-5a9348e609c6
97b00449-15b9-4c6d-a7a4-2ea7ffce3bc7
93faafb0-af07-4440-9aa7-fe6293d07ee2
5b113120-da06-439c-8ddb-8dd4b2b8cb93
bcba4d4c-4dfc-41c0-a627-04f80f444756
989762ef-58c0-4b5b-9d76-1f38ad0d9521
f80744a4-8ec3-4e33-8173-651ede383319
3740b6bf-5ae8-476e-afc7-1a505454134a
8fcbe991-c400-4f54-abea-eedafef01719
7ffff9b1-361e-40fb-9bf1-57a8e01e5b20
954fb7b1-533f-4b49-bd31-d1047ea49abd
16eda39e-cf10-4d9d-94ec-8a5f0adc1c18
14c1dbe4-0448-47f1-8967-70161b91eae0
3308f216-e719-45e8-9eea-fa7284f8f54b
42788d6c-7766-4f5a-9335-2bbaa7fb8a4d
36398562-af4d-4404-9f7d-157f1c3fea22
1f2bde5e-2ce9-464e-bd20-f884aa1d4971
1756aa5d-a26d-409e-9ca5-cdc96ad05ea9
6bd77bd3-f90e-45a6-8936-f5bef95870f3
a0ed5297-8c31-4d79-b690-9711b01da6b9
10c2af55-6c08-4ba4-9f73-aeccdeaf3834
4b552b09-f8d5-432b-b1b5-684f3ef427ca
45cf442a-ca64-4fd3-9160-be50539cc3a5
4feccfca-74b0-4e6b-a44a-94540eec43ae
e2a4e9ab-2f46-497a-aec9-b286153de19c
7fd35015-c7eb-4d7f-a133-078a1963e210
b26cc76c-b8d6-4ec6-b9b1-02d4074b1330
946e075f-bf4d-49aa-b58c-d696e4db1382
ff309cb5-0c62-4122-bb02-6dc778abcd0a
a0e5998d-781d-41fd-ae4f-f87ccb43f2cc
38f95957-28f9-45a8-b0b8-5dec84141c10
e5983620-f22c-4969-8bb3-d0756e0e0987
0417e621-166f-4e29-9d8e-a22aaed9e235
fdb94dd4-b303-43fc-803f-c2f0266f6f0c
00a2ac01-d147-464a-9bb0-e40a80fa6fd3
09785b9f-cfbc-4355-aae6-493db674b754
633e2d27-646c-440d-a2c8-13af938290a2
5e92d8db-3d08-4c9a-a84e-1aab66c7cb79
627f2fcd-9e3c-4ca3-8ca1-567b8a882874
e13833ad-6d9b-49d2-a934-c0a9c6208930
2112e81a-d18e-4795-835b-7e16e952c041
8351a4dd-fcd9-4c0e-8bf5-6504a9d723f2
bbf5321e-6e41-41db-bdd3-0f29a7a88e7c
88fd8a96-53e4-4e2d-9e26-03d7ace43748
087f8e74-29da-4215-9370-b087ada57074
a6a7ddb9-a720-46a3-a271-e8b2837156bc
03d456b3-d486-4eb9-b9a5-80e328e91c44
6992cbbc-1671-4555-bfeb-123f3c4077ac
e762d65e-257e-4c8f-94f0-b9bb263dc6d3
1a978b8c-ecfa-4b33-921d-5e8f05a3c4af
902f26a6-df42-46ab-811d-4732ef07e2b9
567373bd-78e7-4720-b62d-598cd251e534
7f900fe1-8ca5-401f-b322-5e1bc5853246
2cb74d9c-bfd0-4899-8983-62e0e13a5203
8e3c79f6-0bbc-4112-ad39-50053842510d
c82cb223-3388-484a-9b2c-5e316e5d398c
9f4fcb85-c53b-4b1a-ade7-a5c739f814c9
cf739637-45eb-4a8a-bb24-2f0e8f4d3d94
86e0b603-a663-4535-9f12-bd7676c3dac8
05ffc8be-7365-451c-b52a-3d66e244e9c5
c2a814c2-22d7-460d-9199-659c134330b1
a130c9ee-62b9-4232-aaa0-5b7588bce9af
45fae7fe-603b-43a0-b34f-a94ee5c615c3
a6ed697b-2144-4caa-8015-81de10cb7799
bfa3b44b-87ee-49c3-a0ca-caaf045b2bd2
b0d72365-9a9c-452a-97aa-5159ab4485cf
3ee13155-da8b-4a8e-9a8b-fe053bf482f8
6871ee20-509e-4af0-9c75-da61cb1a991b
e89b869e-81fb-4558-9e40-5a235c7fc9bb
3523454e-41a8-4f8c-9b90-3c75448959b0
2da4a2fc-2812-4a6c-9c6d-fa74ee353d5b
60b4745a-2f2a-430f-9ca6-1ea7b254ae58
7201ae6b-a4af-4483-b41c-05aa5dc9fe66
6e596f99-4d22-46b0-9046-c512eb54aa7b
780e7632-5a4e-4d7e-8c94-e5332eb19f70
ca36b434-f813-4646-b988-9b3944d5fde9
8b542af6-b106-40d6-b4be-e8f4ea26ecff
7271431e-cce8-46a6-a937-fc39865a385e
6d1bac8c-9b43-47ec-af3b-78e85577de78
cf1c29db-2984-42d8-aed6-c1a37c67a595
db0163a3-cd86-4a31-b449-c284a0b119b4
654939c1-9ae4-433c-a1e1-75ddc7d3bd86
dafc1062-455a-4509-8d26-4171df67ab93
589a5810-c2f1-431e-9fe3-79dcabce58d0
166e10a2-d652-4da1-8686-ce99b7a849ff
f84ac45c-8d43-48da-9e1a-d98a35baa716
407fe579-d01f-498a-b178-9a318f9c2bd4
fe480b72-8914-45ed-9fdc-d3ba247a0ce1
79350632-18fc-462f-b1fb-a873e82743cf
b7310a68-2b90-41fa-8297-06427b4e8535
7f26e452-a4e6-4963-803b-d0639704f7c3
3ac0455e-6718-415f-acb8-2a257f12e675
0d09187f-a314-40c9-a974-9e46964eac55
cd46df51-b4c4-4aeb-a0e3-9a51f04c219e
13e20f23-b99a-407d-ab71-d414868c6296
99112759-f1b8-4ae4-85ef-cb77635a6172
5ba98ab2-42cb-4551-9c28-d5a506c81c80
537e1a9d-39c4-4375-b449-496e6214c1a3
e4db7f88-ece9-483b-8655-7891aaca5b1c
7ebc9b7d-1dd6-4e3a-94d1-0e844f3ae17c
9b36f5fd-c47c-4aea-ab4f-ee87ffae878e
166b3e23-4935-46ff-b615-a9ced338c7c9
542893a2-d56e-49ba-a569-217ff3aa7aa7
939429f6-5b8b-4ada-a914-6433da593ced
771f3e35-007b-4610-9282-62da786c9d43
b80fc7b7-5f3a-4b01-94d4-ef7972e214aa
d412f14b-bbaf-460b-967e-b86931628f0c
b4563625-48ac-4a9d-bb86-58d42951a1ce
f84abdb8-87c0-434e-868c-1523c8b5b138
61067253-1914-4db7-b77b-c7a0f7905985
68d1b757-8a6b-42c6-829d-5bbc12e2bd24
04a9286a-4dc8-47de-a3e5-bd5812957306
668edaa7-0422-4503-8aa5-a381a81743d2
35df58a0-09f8-473d-9902-95f52926fb75
e97a1566-bcb5-40df-a0c2-d27a0a036f09
8f714c32-d3d7-422c-bf57-d32ad0f7c13d
cdba73f4-f70f-4791-8d87-33a426c61a22
0b0fcb7f-169f-4734-9f74-a43468f64415
edc1502f-0556-42b0-9808-638cd16ecf28
880e0b69-25d5-4371-9ce9-8faee068b2e8
1a7beca8-3fe4-4812-85cc-2daa94a256db
343576e3-f958-44cf-96d5-6d806e16d216
88579242-f1f2-49bb-8a58-ce9f5a7a9db6
3be1a6e0-f841-43ef-b539-4daf3b8bfca6
c5601ef3-3d7c-4172-8454-38699aef489f
7dc596eb-c5d1-4bcb-abe1-f5757cb774d2
ed1ded1a-3613-4a7c-b8c4-e3b804fb0940
694cd51b-f9ed-492e-8c1a-aab3708d6a7e
5f8bcfa8-894e-454b-abab-ff08e779e4ad
04c73c4d-c9d9-4091-ba04-def75a25b577
58a9d523-3bd6-470f-bcb8-ed0ae01d8aba
195a3989-cc24-43e3-9229-a79aaeaef467
e948f5a0-f9df-4c08-ab87-e90b796601c0
087db780-97fd-4c36-85d6-03b707a38658
c4c225e8-7e7d-4c21-b004-db5531068efc
22b1b190-2239-4c18-b4cf-4cacb5222311
529ed17b-86a4-46e4-9f35-4522ee82203c
1802da3e-7ab7-4b72-9af4-9e1130c64644
4b5011cf-39d3-4518-adbe-680d00b063b1
6873834d-8c04-4296-a853-fdcf4b5013aa
f57224a6-4d5c-48f3-b0fd-8a9b69405675
024fcb5c-ba34-4db5-85a9-0761b73c507e
881e3b0d-b11d-4c5f-be27-ad05bf6c6307
8860f508-6f8b-44b4-a270-c7b7ee6ce908
3575ec5c-4940-4fa6-aa8c-09694f933c7a
bf446bf5-7885-47e8-902c-50b84964109e
f3f7dea4-11f0-4172-b335-083305ddcbb3
962fa51a-e551-452a-bada-5a4ddfb65a65
8ae7efdb-4634-4b59-86e0-b19a9d9f708d
40c720f0-716c-4bb5-bcba-d378ca6613ae
22677b86-ac09-47ae-b6cc-b75e33357e4f
779a25df-b526-421a-b7a6-ef28518ea47a
dcfb0040-b95e-4b33-a23e-0c32acea5cd6
9bef347a-6950-4719-bb6c-e159d99a88de
e5962748-a09d-4f0d-901a-ffe94cb7be39
ce6c40b6-3e5b-4252-92ed-47a87f923020
df6cbbd2-b3dd-4f29-bed5-f357d3eb6495
8d01b87c-e1f9-4a3d-88b1-2a5ad878466e
b4245cea-f0a6-49fb-a697-e68ce904413d
d085d011-f0ad-41a6-998c-50ed68b22227
d6dfae78-e578-4c27-be6f-c0dc10585d90
8455573b-901c-4818-9ae8-483ad3ea45f6
33b8f7d0-2d64-4bf2-ba03-eaabcb4b92ee
de81a2e7-25be-45e7-ba6e-90d5bf6d0b7a
dce8490b-95c2-4271-8eb5-e8bae02900e1
494115ce-fa61-4c4c-aad0-b67e061e2a99
62dec174-1346-4dcc-a034-52ec671edf99
198e7b5d-b569-4e8d-a3bb-2eaa86c72d8b
4c3a1d27-e027-4059-8d63-17d9f8a9e401
e86971c8-3b92-49e5-8db1-7c8e522a49e7
615d7183-ce1e-424c-999c-0b42f236f3f9
031ee5ca-9bc2-4523-a1f9-62f2bc448c4c
547c5046-bf79-4bf4-a28f-a2fda85c1ce7
fcf52efe-3751-4f88-a21d-3e1a66297b2a
5d0983ed-5508-462b-96ca-fce5e69eaf8f
47093076-cdb7-41c0-b824-9338275562bf
494b2e30-b442-4d41-84c0-8b64dcc24fa7
3aa0f525-cf7f-493e-845a-a8aa654bb841
4a80707d-f2db-44a4-b7eb-765ba4c7d80b
10a617d9-72de-44b9-95fe-4942121d79af
5d886c0a-808a-4786-a757-a585ecf2236e
3149ac3f-3390-4641-9e17-4fcef86fbd30
468eb8a8-f111-4107-b3d2-8d3fa7f94124
87344fcd-3f08-442f-b647-620fb3b55754
0e0eafdb-7776-4cf0-8a7e-c1f0f04ce249
895d2d45-0df9-46f5-b2d5-83e779536878
ede13490-9011-43b0-85f1-97edb480ea70
f478b2c9-20d9-4b2e-a639-bcc08006da64
a56b104a-9818-4fb7-9cfc-fe1e259a95e0
bd5f3bed-b3b2-462a-a155-f60bbb6fbf5a
88648fa3-c130-4576-a3b8-9b09476f6e5a
09e695af-400a-4324-9a6a-daa48d1c87e9
75817f65-1acd-4362-8e39-a41f279b030b
37db5ffe-6973-406f-9a49-a66412910064
68f54ae7-aa34-495a-8871-40217dd418e0
21b169c6-573d-41eb-b2d1-ede72b7cba99
d23c38b2-d612-4d55-9714-308d9fc176d8
89b442d1-c09e-41b3-ad41-39c39ea46dc8
67a59e61-b8d6-4970-84df-2fb7cdac4f79
7b682b6b-b9ad-4ddf-8a7e-bbdea2122a28
64d57437-6a08-46e7-b054-6a4515c101ce
c923ae5b-c949-4711-81b5-a0bf748a72be
2fd5595a-5c11-41a7-8cbd-51598a5d0962
172b6d09-b403-4121-9d4c-35349374c712
6f35a052-0c1e-40a6-a80b-cccabaeb0cda
36440243-f515-4909-8b7e-2a6c1fa3ef96
189db5ec-a2e1-45d9-9623-38bbcb9f6897
6a855ac7-f142-4b7f-9678-4e598026e689
fc7e58c4-f304-4aa6-927e-51c94a1d2060
f2f32864-d767-4466-af17-d166111e899b
457df613-8103-481f-8591-85580d50bd97
b2015cad-3594-423e-920f-8931d77decba
ec3901f1-8c4c-497d-959f-e36684d280ce
f4758c79-be61-4179-b4b5-87b243fd67c5
c15da844-e3cc-4860-97b1-82f82a0b90ef
1d691b85-679a-464a-8211-4c7a8b0229aa
02012863-9451-43c5-b143-63d4138e9448
eeecae42-10a3-4ea6-8b2f-64312df1b315
1aac9269-25dd-4072-95f6-34d9555b3f82
1f0090cf-1455-4b96-b84c-e474ced6f516
75b5279e-1e40-4ed9-8838-15f7e9cac970
3991da6b-9662-413c-b7cd-d6c2248b743d
01251206-6ec0-44d4-b49e-1dab3592f9ff
ddf783f6-76ea-4475-8457-0e9f0c5f14c8
59f76a1f-7a7b-408f-ab4c-ce7319b0d632
21b5140f-4351-4d73-a2c8-035d803901b6
fd756f25-a077-48bc-aaf5-b9aec60fc1a9
96fbc53c-4ccf-41d0-af06-8b2a607fcab3
74099f9e-59e4-4b0e-99ea-414dcbe0a92c
75dbdaec-22f8-42e8-8241-c167e621a8c3
94b059a5-98d6-4fcf-b679-93e2c98f1514
23c1f478-e8e9-4735-aeac-6ad2b24e7ec3
4c606632-42fc-4a22-937c-ec8559841a27
99c76ae0-a02a-4e16-bdc4-9fbc8f9b503a
4f044f26-d285-413d-ae39-a74b3634a1d6
78ff6e5e-ed2d-4c08-bf1e-decc8241d20c
537e8f2c-39f6-46bf-a631-6577d4e90618
5ef094a2-f825-4008-a948-cb6b5e5bb186
7aa97ad0-9227-4ae7-83c7-31fc5c7b6a55
bfdd1582-8ecf-4fc8-b69d-569a6cd96ad2
b9a650c4-6637-4ee4-8ae7-8d88179f24be
859a8119-66ad-4413-a1f7-15c54be8f4c2
8a77697c-f58b-4a92-92d4-4fdec9e4a794
d010f9e7-d8a1-4077-bf90-838e51d1fb6b
80f0e964-3330-41cd-b990-56015d3db88a
dae231df-deed-4290-bb06-e86f669c9327
b599f550-72c2-490b-8a48-c8c31f0f1880
b29143d1-d089-416e-baef-d39076ce61ec
f2cbfff2-bbd2-47a1-9718-278e139d47cb
de15cc0b-32b5-486c-a820-4fdcb8643e31
28d3d376-d6cb-4b75-aeb8-eea7576247ae
2591c761-cb4d-4dbc-99ae-8362f09e7796
57e49e3f-3d6f-479b-b8b3-46833ce4a063
e2d9d2df-d3a8-4b14-9527-f70cb9f06328
7b42fc4f-a37d-4a2a-bfc3-06a843159a20
2e0fa979-53f0-41a8-a2c9-e98d901e7e85
b9dc3ddd-2092-4922-8c88-78f18aca58be
fd44ecb9-9c13-4904-9668-22b57d062104
6aec21d5-330b-41ef-aaf8-4e2befa14c60
5a60f453-579e-4c63-98d5-f59f2d8bdd4a
b183415a-2233-43a4-b0bd-dc58fd3af242
b64e481f-5d1b-4f4b-a24b-cf326f00085c
03a54a36-354e-4bfa-921d-0546d78e7203
01be5ec9-db85-4471-b967-990e17903747
f53dafbb-526e-442c-b378-8873d601f743
c9436eae-f1d6-4526-bca5-85dc813cdfce
336d9cc6-0e89-4ed1-8e31-b939a40d652a
65a88029-cd1c-4320-8be5-acce0b1cb01c
e7154901-0e27-419d-8b58-77de60d14e04
1fefca65-5cb7-4a77-abd6-dec6677731f0
54563d87-151d-48ce-a97a-ddec21ee8a2a
03863e69-d995-486f-9c36-3f9defbdf518
7229d393-9e26-44be-b21e-9ecfe8844c6a
683d3045-a6e8-45e7-8b63-b946fcd9b18e
405fb543-dd8d-42cd-a157-8f1f06008145
2febc9fe-f99f-40aa-a493-f8a66798f559
c4e14d78-15de-48ca-9bdc-b3430097316f
823759bb-eab6-44f7-a81d-a4d3940a024d
e6d718f4-c41e-44b7-b4d6-68e96e494e29
39d525d6-1ca3-4cb8-ba5f-89a0f63dd72d
d9244743-3204-4224-ab06-febb8b68cdea
7e8ddf4c-c649-467c-b5df-78c5879e2657
cdab6462-e4b2-48b9-97e5-5ed69df02ca9
23991291-273b-477d-b8c1-88e70a7ae513
d111c4c7-8e91-439a-8f4a-a989d6974e51
94ec1332-4150-4c61-bcd0-e246d3db0c06
7ceb4009-0c41-4229-976d-427071f83889
f4d37d7f-1af2-4989-bb08-0aadd6fbdf7a
82b40434-a7bb-46f2-b4de-f742a450307c
e18c3779-c3ab-4acf-afa9-ad8e6af68e27
d5083bec-6e6b-447f-86b8-89fd4b7d2730
6f34f68d-2a5e-4ab6-b34b-0527ecb0d1f2
4814d75e-d65b-442f-8625-741422231b5d
761d8672-ced5-41a7-ae12-5ca8d0b8d071
08237467-b694-4433-8600-a7a23438c260
93f29c44-507f-4fd8-81e2-c3011fb139d9
946976c6-072d-4d16-83a0-8608a4f319f2
240bef16-0727-47b6-896a-0fc46deb13cd
ebafd1fb-6662-4359-b119-9a37282854be
8568678a-5691-4d82-b272-c616337a49c1
66919e5b-c7dc-487d-9a86-28c88d29a90c
49098435-1a18-49a5-87cc-7f02427f5716
9b58aa52-fb83-485e-b075-634904c9764b
5453cce6-b6fd-422e-9207-e825ea60bf06
9ccc4a0a-9196-4534-b3e5-57e9846395cd
f37cdb03-be0e-4976-9a8b-205b7519e14a
c046aa6c-680f-4d4b-a2cb-56c03594edf6
a0416360-654d-4351-a7ad-5e236163ad62
d5685679-0ee7-41f7-9dfb-f8087806b9eb
a34860b9-5fe8-4b87-ad89-e5c14a828e6c
2cd6fa6e-3232-496d-ad06-5ada517f88f3
e8563301-f77d-4bb0-a199-10cae9c50249
19b74c82-31d4-46fc-8960-050eec7c5e5b
c30c66ec-f8f9-4929-b247-c4fdec597ad2
464e4be4-7f97-4d41-8787-23e831be3537
0e653982-2cfb-4386-b200-2540bacd30ea
bb4526a2-0d43-449f-ae13-b6a926e563e8
a71e6c96-7677-4b9e-a0c2-6b2a6f3e07f5
9a68c40f-203c-4013-8bcb-66f2a5ce746d
b7bca8a0-9493-4eb9-a490-d2e8b91eb720
522ac832-f89a-447b-a520-e27dd26200c4
c1aa0eaf-ff06-4397-b89a-54c73f2c1938
274ba557-10b9-434d-8c46-8ba7e7e2056c
7e18b8b4-49bb-409c-9a59-a6a5e7c57e6a
a89ea138-884d-4af9-b9f1-230cd581bc5c
56a8dab4-ecb3-4fed-9864-93986af35d91
b338195c-a027-4c75-9410-7592b736bac9
fcc5b64c-62f0-4ca8-b7a5-b68d66b7f6df
934427e6-3a0a-44cd-acf5-5878b43ac645
80d75ed6-5671-4e8f-93c7-f4662dc3bccd
aa328be7-696d-4375-9ab8-5825a817d5f7
0d7ca322-12e8-4636-b65c-af54dc505dc4
665eea1a-6c79-40c8-865b-ced618a990bf
5594b06b-cdf9-4bd8-a688-047cbb11c1e2
650f41a3-35b7-49e4-9d09-77d2ffb6e511
70bdf723-e5a0-4c4d-bdfd-6daf31398b04
2835cfcf-f537-4979-abc7-d58087e9faae
139c5e80-bbd3-4762-b673-73988094da52
52b23c42-ab1b-499d-8726-b7fcbec70f9f
b07a8587-59b5-4137-b7ba-e2e875c0d68c
f01d7d4e-5d98-474e-a4c9-8808cb0822ae
3be79073-f4ad-4d8c-9207-2c4d9007afee
67f657fe-a32d-48a8-9b46-cbe45171290e
92565253-d94b-4d4e-ba03-df6864f6fb4d
c7c0054e-c6f6-4879-963e-71ff21f25153
98525399-6d64-4bd9-8adc-19ccf3ebdb52
83d3edc9-ae09-4586-a42b-84cbeb482bf1
cb96f613-3693-4ff1-bbad-92760f079b2e
7a747877-c4cf-4169-a273-3d5abb51a3d0
eef63050-9696-4840-8c49-b5b159887eb8
ab9c2b4c-c077-4835-9cbf-129cf2206861
ce9572a9-f933-4102-b90f-d0d9013d02d1
f9cdb399-011a-4135-917d-0e89720fb4ab
b6212e46-5baa-4532-bc27-df230eab0700
6cc8372e-0498-4f01-bc2e-ef1f4c56efac
973ccbab-5099-47c0-815c-3c4b49ee1e28
0eeedb04-ee75-4f54-b6f8-2b6cdeffecf6
f1c5abe3-de42-4d34-bb97-e2c862d248e0
18c9e985-e936-4f26-8852-c518fa9215ee
c4dec9e8-ccf5-42d1-ad67-8efb97f69d93
eb084abf-cd15-446f-a0e4-b2015dd6f887
7c5aa811-e24f-45bf-a406-77b6652c0964
f516ab2f-e29d-4ff6-bd68-7163346e4f0c
f0a4adb5-e156-4fa3-8b9b-91391f41a815
86f44edb-d832-47db-8b20-e259fc08269f
3f954101-a0ac-4ae5-a1b5-b8473510d9e6
95f34540-caa2-4b96-ad2e-eaea2f191efc
86aaa34e-0f8d-4c1e-af12-4181a4d84f11
f1bfb507-31aa-45ae-ae21-18b1e91554de
a650b08e-3c0d-409e-a178-46ca4573ae37
0ab6d0b4-f610-4a45-8636-0a5a28bcd1a2
0906af08-2a53-481d-a088-dd2418a4b07e
d4f13043-3ead-4edb-a4af-3ab54e282057
c6907576-1dce-49df-9ab5-b547abfd8714
e5fae9ef-4f9a-465f-bb08-479450fd7bcb
d269e30a-41bd-4e41-b0f3-30786a6f1665
4c0b362c-25af-43c9-be3f-6e2c3f19e948
bebb0a3d-1eb0-48f8-aabe-3520b9e7a143
761b5644-1ef5-48c7-ac6b-7014409ee922
e89136c1-f62f-43f7-9389-eedd834a4b28
8f8660e5-b070-4dc9-b3ce-e33a4bdeb2fe
b7d7aef0-e75d-4e78-bd14-8d3c011010ee
a7351115-3285-4a53-8953-9a70d2542ca1
8efdf09e-090c-4f95-9dba-a2183ee9855c
c842e5a4-4c0c-47d0-b3ee-893cc156940a
3f559655-0a34-4a28-9ee1-83d5df3e0125
ad303eda-9100-4dfe-acfc-6077e77ac40b
9589ac77-fbca-4be3-98a6-a385211f7841
3c7c756b-5ba9-4e69-83c6-afccf5b6d297
a87afdbc-2bc9-43ef-bbb1-8207e6e06e9b
30b64eb6-3ad9-457a-b9d0-a383ecfca118
e0cfe027-cff2-4a95-86e9-b2959f71448c
3a95bc34-0f92-4c9d-afad-85e3e8f4d02b
1294259a-ebc2-4365-84ed-a2ce13177608
1fe29f40-b538-4056-8c81-607422bbafad
fcb09208-08b9-448b-a67b-befcc2cdeb4e
48d099f3-7d9a-4a29-b5fe-1d5fbc4d7095
d7060e62-16d2-4bce-bd94-139bf6a37925
8b9aaade-9b0c-496e-a2b0-cf9fc1491f78
449d798a-f13b-4078-9fda-63c3325a716b
0fcbb552-d987-4acb-852d-6c8a09fc16a5
2c8396d6-7e10-4071-b71f-21fbefe98757
57c04618-17c4-47a6-a6c8-d4151a0c2e01
6af0a8ac-25e7-4ff4-a071-dfcaff9355fe
2adf7569-5ab3-4183-bea3-45e2639d2c00
407b2954-b2eb-47dc-b9d9-0f290efb603b
a4e183c5-9a97-47e5-8836-caa85c55e91a
9588b025-f4cc-41f6-8953-84ecbc0678d9
b521d1aa-ac80-4113-b199-7fdd3024c32a
15c92779-b0e1-45f8-8527-caa89d88aab8
14daa45a-1046-4791-820c-01b842a07a50
b63c9cc2-562e-4d0e-9a2f-20ec1170db07
a634e8be-bb2c-45f7-bb76-48d0e6f4edee
16c672a5-bdd5-4cb4-83aa-db9770c318ed
b8cabade-f3a5-4f09-b887-79f134aed5b3
52090a44-853f-4d40-84f5-36c972055c18
2299017a-037f-403b-bc93-891f7af5f722
473aa2ce-c0b1-47b1-9f8d-d803d9929e44
f42ce698-5727-457b-b136-379882864d5f
502edf9e-d5ac-4812-b8a9-9af9a81dad64
6bf4abcc-6b67-4f0f-a11c-1e923beb9177
36dec169-3e10-47d0-9e7c-7fe55f5c49ae
dec32f86-efa6-4ca6-a80e-5a34fa493cda
a5f90bdc-f14e-477e-9b6a-c5c3b39c23a1
00bc4fea-d771-48d4-892f-2cb8c2567dda
a6d3166f-2afd-4307-9cff-fcc8ae4f7b27
7c98a421-a9aa-4e38-96cb-75d74a7c9477
70d55aa3-39b3-4546-a802-07e9f25f487a
4a97d100-58aa-4fb1-b0d6-92b3afbb7087
e0526ca8-8080-4e15-9e7f-11096ca71c84
5cd64cc9-6794-4d1b-831e-071c48130d5c
49f3627d-17e2-4b3e-8fef-b17757b60db9
e7089543-b7f5-46d5-8022-351105b071cd
1ac844f1-2f38-43bd-a702-cec2c76232f0
bca537cb-c592-4aa9-a224-37a790ea8718
0a6808a1-1fa3-437c-9d33-27236b4ed772
ae289c07-da67-4934-a3bd-57b76078db04
86205ee4-d5ef-4da8-bb42-7cd415955aa1
2bed48b5-f932-43ab-886f-194fd49c621b
20a58a2e-ea3e-4833-be4a-306b26ebafbd
ac8225fb-e46a-4cd7-8d14-ce78df3ed88f
b6913661-aee5-4636-bc76-2d3a3a8a2b8e
43c3d4c9-9a1d-4176-95cd-f84ddc884caf
b0c28e48-5e65-4627-98d7-e805066ac4b8
1c8b0f24-40e1-493c-945c-78db39f30eb5
e82718bb-f50c-47a4-947f-e96e1557083b
9ea9bfc7-a3de-4606-b79d-d212598735bc
c70e4711-f67b-45fc-b864-21f7df8642c3
0ef7397b-15bc-45b3-b91a-739c93cd35ea
b0fcab4f-8ce4-41b6-b998-95fe7e8ffd75
59be38c2-26c7-43ca-adba-ccac86fea2d2
ee3cf46d-eda2-4d75-b4eb-99ce56909c12
57d112fa-bbb5-42b9-8243-740740e6f1dd
e865f681-214c-4467-aa15-041246886028
b2267b7c-0467-4ae2-81e2-c32cb6ceb642
b62c1d1c-91e3-4fd3-9490-6bff72a442b0
02c9424a-f8df-4dc2-b69f-207d8129ca60
49b248ba-66ff-4ce1-9107-2027115e952a
df22dcc0-d7f4-4d0d-ba78-c26c5a7aeff1
c68bff6d-c0eb-489e-8f6c-b412d7c91e19
de74a0a1-520b-42f6-9f6d-b7e7a41572ab
4564a11f-95fe-4fb1-a84e-480f84685c64
5d7b856e-c0fe-4302-88d7-32cf583c47c4
516b243b-10fb-44bc-a548-beddd4291046
aff43ab5-5b25-4616-af0a-d7c946714bf8
ae4a6638-7ee7-438d-a76a-6d42c8ef944b
789d6804-3364-49a7-a265-258ecff350d2
c3009b4d-6699-4b40-99e3-1f5b2f5d860e
987ee0aa-6f84-472a-b5b1-9ed7e42ad7b7
42ff21f4-453a-4325-b989-dc3e2791baa5
220e27c1-1ec9-43a2-8071-4cf8ea715782
8a3cc386-145f-445b-a262-a82105ab23cb
968e0a15-0518-4c05-9470-4de9da2a8692
77798716-61d2-4912-bab6-7de7a281aeca
bf1ec8be-98f9-4ca8-a810-d4a6bb0b5c10
0bb6981a-1bdb-47e8-b330-08524301ba71
05272a90-a8f1-4325-bca9-c8b681fdfb2f
46c14c46-202f-41fc-a783-0b9a30a20cd2
7b581ed4-3535-4c27-9f10-e5953aa3f0b1
78f22b74-b24a-4c33-b4c9-0fffb73bddfd
c8e99a15-13e6-47ec-ba3b-d72bdf3b0649
1c2aeea5-bb55-439a-9d6a-0f1f93f87369
549cb309-736f-4cb7-8c10-87ccd59ad667
9b927eee-ca43-45ca-8966-2d79a0f79ebc
1232136b-9ad3-477c-bf60-8b8a0c6e894d
511f00be-d5d9-44ef-ac26-35d8c359a9cc
6da3736a-4027-4cbe-8dbb-8c9e68e6eb54
3a7ecfa9-99ca-4eba-8c80-dc8218c8af81
be3f1a72-fa72-43d0-a951-0da0f0432a32
86c54f77-3fc3-45ed-92c3-46a8a34b0fc2
c2650c57-23c4-40a4-8a24-31ed87989dbd
39743bcd-b02f-4728-97dc-dfa93b83bb56
c38561e0-619c-4405-a25a-693e18ba4f8b
7574e1da-dfc4-448f-9380-20ebc6748c95
c037b689-bc23-45ff-ab25-dfdf9900a03b
ae3ed3a2-853d-4116-a212-0ef280faa344
56246ce7-721b-4796-a160-d244218969be
469c2b84-3ce4-4ca1-a161-65e677c0ebc5
b96f6c3f-afea-41cf-afa7-a940294389fd
eee0563d-4cf2-4f79-a2df-13e28456683a
8cce4d8d-49fa-4335-a1dd-386ea7de2e02
003ea352-0a43-482d-abd3-edd2fa2ded7a
859eef61-b427-4767-b68d-c812cb79071c
0c46c674-e8f3-4cf1-99ae-5ca910f2936f
e15adcb1-2e32-4348-b2cb-7bc4c2f1ae61
518792e0-d5c4-43a8-9081-b0de43c99a72
042fa2ec-2aa1-47c9-84f2-3444b9d011ff
c367c957-e83d-454d-ab06-2ddea41deb15
c75f9098-5d69-44a0-a423-deed489b976c
06b28556-4629-4ea6-bd3b-ef63fd84ccb7
6f07c1e2-d987-4620-9492-ae87f531a0ca
6262416e-254c-46d4-aa30-c1af3720c026
982a73eb-5e20-46f2-a32b-4ed24cb2985e
feff9a23-73aa-44c7-bbcc-820c31c1618b
d35ece90-692c-4d64-b312-6de0a95a630d
3d285ff3-185e-4aa5-8828-b597246e8f0b
0e46a8f9-a4bd-4584-89d4-398e85dc290b
afa1270e-bc3f-4af8-8505-bbaef5b733f1
7f6ae15c-03e5-440b-9921-091def3658d9
97892ee9-abec-443c-9745-a01c29d7ce7c
6cb26769-70f7-451a-a6e7-10c51efc361c
ab2a61b1-648a-4d75-b713-155641a79331
1ab5f0ab-9af0-43cd-b178-5792bbaca27e
1eae1a75-8397-48e7-ad9d-02b2537f20b3
886eebd2-4a5f-4624-8d76-8235fd24320d
ed6c1904-0e88-48f1-9da6-ba3eabb2e6f1
b3354166-6041-47af-a5bb-0417b4d2aaed
19b3be5a-53bf-4daf-890b-bb14d7757d66
28f69d44-fbea-433c-a880-2e35bf314224
8d5b2778-086c-495b-99dd-57c2e414d3a6
6dcb087d-4b35-4de1-89be-e5911dd3c6c7
b53d8a59-d746-4161-b252-b85c40ae7400
028f33e9-d015-42e6-a3d7-f615993603a5
8a797699-804b-417e-9dbe-e1154b4169bc
7d448e3c-020e-4636-a994-85dc0af0ab97
1e8d638d-8f31-4e7c-9a0a-b8d256d55019
bfccb5c9-1c7d-42c0-89a5-961c3062f0c7
bc1fabad-759a-4f96-b5ad-d03a483d930d
8c01496f-c28f-4e05-b135-e7c5e107ec6f
24a19c22-75a1-4a18-a85a-c849c9c981f5
f3661bcd-2899-45c8-9740-0860f3c60973
ff85ff13-2c73-43cb-86c3-102c7ae75472
988901fa-4c5d-4ae2-bfbe-e46c064b5168
a6093794-9bc1-4d32-9ddd-d7b4a8788ab6
583f71fb-8c49-4bfa-8195-9034c32f9e6a
b54a4ad3-5c86-42f0-a746-a4ea9e407042
88ff6d2b-1f2c-40f1-a3f3-c862eddaddda
7c8b108e-af90-4264-bf2d-8c6a2bff79d5
90d193ad-68fd-4121-a452-ae2c983eea1f
fa73d1c6-9383-40ff-b7a1-c172a1c9181a
e5b05a3f-56ca-4fb8-b55b-22d7f7af5266
998f44a6-85e6-403f-ae2d-7f2ad8a9b149
b3e71467-3247-4f47-8f8e-2ab7ce22ab4c
8f2b8f0f-eaf9-4771-885b-31080acb374c
13273774-9367-4cdc-a989-cb9fa65738ba
382a5ce5-0df2-4a9b-9a7c-01820a8b8263
0b97135e-d3c2-4f55-b8db-7ae5638af2b9
ece1410f-c5af-4d09-8814-12d88403b55e
e9a70846-0a39-4c7a-8da8-52e4ef5ef088
132a74c7-428b-4ca5-ba66-0b0a6d37de75
faceb03a-5d45-45b2-a84b-bea9fa7c1592
dab49abc-d640-43c5-822b-6364bb1cb675
f4fe6238-98e8-4637-8ce1-c4e1924cdabc
14c1bd8b-ae2b-4cab-af55-37ab2318a5a7
1053e965-0b45-40e6-adc2-b20b4bc8178a
2d388d0d-e0fc-44f3-b6b0-a794763ce886
e4540b3c-07f1-4069-a990-53281688f18f
b9d4a973-557a-4bae-affe-93ca8aeb5c29
cafe5648-3cd1-44b7-91c6-64d6a0fed292
aef175d0-ec89-49f9-9204-016b2f86f8c0
6622c8c5-0654-4cfc-bb30-037bf83b3b4c
49258e57-0c4e-4586-8b17-3bacab1cce9f
2fe1d45c-7952-4ef2-803d-4f31eb2ca900
ceb73095-7265-4939-8cc6-dbac59c2e386
739c8511-c4f4-4188-a8c7-292b5995fd1c
f3fbd77f-eef8-4e96-90ec-2f7daee45c62
497f0db4-c6b4-4472-bf10-1526806418a2
80f974c8-369c-4523-b59c-da6e009ef01d
1bd4ea36-a2c5-49ba-bf3d-f94906342392
53bcf0a4-6cf7-4cc3-a377-5a9a4d641ad7
c5caa5da-5792-498d-863c-9111bccc4c8d
5c656591-db3f-499a-b561-0fe6097ab8dd
49c2194d-2f1a-42ce-b2d4-24273ca88b7f
d406cb88-55d8-4035-a3fc-3c168ed3e00c
a43c6e84-0fb5-4723-8b10-2bd15bd43712
64919016-728d-4291-8486-98cc01dff92f
eb6596f2-7585-4064-af7c-a0fb88f71ff0
e6536082-fe50-4bda-a639-71b9e201e426
5bb510f7-d081-4e41-b80e-e7ca0e26435e
52c3bed3-d07d-43f6-8780-d56baf5edd31
8de935a6-7bab-4325-933b-95f8ee37b806
a2716b55-26d8-4b88-b2ca-bcc340b8749c
90d459b0-a38e-4df6-9ec8-9e21bf2dc71e
50e59a20-04a7-4f8a-8876-5bee76848673
465bcf10-6fc3-48f7-ba26-07b9544bae68
a6327b82-b192-4f27-9bd2-0b0d0cfb93e7
7f3ba0a2-4cc0-4e7d-8256-ef3a4fed5dea
2cd08df8-1f7f-4615-b91c-f6a4b320ca58
dede4f9a-226f-41ed-b3c5-d06f2fa73308
bb080faf-19c8-4f48-98e8-a1154016b31a
fb97e0cd-50af-4477-91a9-289fadfa70af
7e177e71-c215-473e-9751-6d93025af53a
a3b6668f-6b3d-4b68-b3e2-485d1b082bca
9d050941-88eb-41e4-b6f7-6c523d96d999
c0477647-8825-4b43-8d68-b633d3ae2ca2
d1bf4f0f-313e-4938-a5db-f2cd8c0c697e
94c13bd3-a116-4ed8-8bba-631e146a3a38
9292527f-42da-4ce1-a29f-c13c2af937bb
b4e7d4d2-c35f-4caa-93a6-1ed1446055c9
ddbd6a89-645e-4a59-b27d-65f6db96cc53
787fbef2-80de-4d65-8d81-7a780f6a2879
2fab94f6-f622-4fca-8ef0-63431de5ac76
a5a508f2-26e5-4430-a6ff-3f37ae38f5ed
ac581a70-b2e2-495b-b072-567b4163bcd9
8ec04703-f6cc-4872-b4e0-77a1e0ddc181
a2b0e06d-9a35-4dd8-89d2-9eddc4a35dbe
634a4652-4369-45e9-9abc-696df38492ee
a389d183-b5ca-45ab-8b8c-c23b64493a47
d970df95-7665-4614-a7f2-c0b1b0d7babb
f8d4434c-e5c1-41a6-b76b-f86d57f1ee1e
717e5940-3ba3-4278-9031-aa64c74f5ccc
27df224a-f626-4225-a6b7-198542f1900c
24cda827-af69-49a6-b999-36b3d2019793
078028c4-d3cf-4ea5-90ec-7c7db905cda0
2e699abc-6778-47e5-ad08-464258b94819
09420d80-7f08-45a6-99e5-559dd7c901d4
302313af-6ad4-45e2-afdc-5a7f1e0cbe85
b1f46be8-a10e-4302-b0c3-6238170f5142
4030cf9e-db97-48f9-8b55-470ee67f8eac
0a79537f-a75f-4ce2-b9a9-4bc426c5b2f4
cab52f6b-266c-43dd-9ade-e83253d091d5
e0633920-0298-44e7-9576-d1c27c392f5d
01efa77e-f5f0-4b62-b779-026d01eaf02c
5b45a7b2-72b5-4735-ab76-d313b3e874d2
3343f993-3026-439f-b9b2-9a3ced21566e
96f35784-3259-4b6c-bad0-7b82fbd3e72d
d701502d-0bd5-4632-8723-f6d5d00ca1a5
e38c9c0f-c114-43c4-ac88-1dba4f19c37f
1cfc0ace-e50b-4b56-b8ae-ea012f25bc75
b35fdd69-03ad-4d28-ba95-99cccd2a256b
149e6a96-8615-4b05-9559-35c3c7e472fc
aee295c7-bbe5-4571-bd09-798ba6332bcd
62fe427c-363c-4aa6-8ffc-6a98350d2bb6
97b1c8e0-c946-4480-823e-5d16a4d87964
473c34f8-895f-42e4-a5fe-5d781d06be89
dbb3fd2b-1d02-47d7-85b4-345a4106b713
45f58203-aad9-4aa4-a0dd-5ed984784562
957b7f71-1e13-4642-bd5c-76924ff60a96
e476d235-2b77-4753-b6d5-316dde07cd8b
28e17fab-8d14-41b3-b382-9da93ff45204
216a76e0-d29d-4c5b-8e4a-848e71eabe41
16e59a48-e87d-49a0-84ef-e86b0767c837
f98469d3-d744-4095-b535-eaef54a6f198
42cc73a0-c151-4f76-80d6-50cb09fb8b3c
d08a4f40-769f-40f8-a0dd-1963fd26b5f9
91896280-b4a1-4af6-a498-db0158358463
2c0d69b2-16ac-44b3-ae09-2019b9ef107f
d86b47f9-54d3-45fc-90a3-d6c9a4f621e5
2ab7ea49-3b28-492b-b874-de950b50c0f8
c0978c65-3333-415a-87cc-ba40bb6ed715
a987926c-2340-4f8f-a4b2-55ba3c0b9712
8814f168-4513-467a-a928-35fbeeb338fd
a5363b15-2bd2-4a4e-99b1-8d597520158a
a9c20688-5e59-4e40-a95e-b7f1abadb9b0
5c2baf6c-f483-4abc-9831-cb9a6ca14909
ffa812ae-62bf-4741-86fa-22e76a726d31
6fb2a22b-3221-46ff-9695-7c2df7853c37
5c8db5ca-ba37-48f1-b0ae-b1a7cc9ce5f9
a505775a-f666-49ae-bd51-f5dd917ef8c7
fdf1a01f-9313-40ad-8b18-3ef29a97de76
4f4b652b-1459-4197-ba58-384c767c48fb
7f21b4d2-be0e-4ea5-9d8c-17e946f11a37
90b1ffb2-eb06-4423-a3c1-dd2938dfa19b
b7378ac7-6f44-40d3-94cb-b591e7b0f21f
35297014-6b71-4105-aa07-020a5afce441
e3bd53f4-b876-43db-a36c-4f374f358baa
2d24b414-dd58-466b-a685-7afeea52cd73
e954f07e-04be-4ea3-b40f-b95718d6fa24
ed5c5c20-9077-4c7b-bedf-2b4551a28782
96e97883-f9c0-4ec9-bff5-89dfa88fab21
9c9c7a60-8c28-4c13-a23d-1fbb61dbe427
ff8c0530-2e30-4f48-9aa4-2efe135872d9
4e809db9-f204-4c2b-a1f9-55f6fe1b138d
7250229f-399e-49a5-af0b-f351121ee283
98b50292-494a-4f90-acf5-11fed278622b
baedff3c-b340-460d-b16e-524ee47cd65c
7d7c09f2-6c23-4bc6-97fe-b737bc5c40a0
ea6f6bd8-3f93-4241-9354-4759336c6961
5f3cb521-237d-4017-a58a-5c9e80bcb80b
a69c78f9-7544-461b-8a42-fb06e9b0efe9
9807b8b8-ca71-4505-8ddf-5dd74abd02bb
e7f60e07-70d9-4475-a53b-2f40f1e31c3e
d9509f64-8fc8-409a-bc5e-2b146ff2c1f6
2152afeb-3593-4fb8-a165-b222b073bd91
71f18ffc-d2d1-4542-bed0-dac947e06bef
b195137d-d4d5-4693-bbde-710f6c088105
a9bf94d3-29a6-4f82-bebb-c50296152424
959b6c7b-e2ab-4b77-a292-6aac5d687fe0
701a6e2e-3f80-4681-8250-58ef94225e33
0afb70a0-1e50-4383-a052-3c51a3b03e85
712394ec-3ed5-4684-9d98-2abab92e2224
3382fcac-32c0-4111-bd29-474b5c047f3f
72979cf8-ab0d-47c4-b943-0be58450a483
62740d5a-46ca-4fc9-a556-2d1a57a3d5b1
59467ab4-ee99-4943-803c-2b122fff4723
d63c476d-fc42-48bc-8a3a-b26f8bd656e3
e56b8bd1-381d-41f2-bd5d-13bd1923d4e5
84474bba-0dd4-4389-859c-4e366d792e80
9b1c7956-af26-40a1-a84a-90d6fe5c973a
a3ac5d7e-b5c7-469a-97a6-a0232b4a529f
019c0623-952b-42d7-ae0f-511a7846223d
ddd6fead-4278-4443-9d75-31ee335c71dc
9d209564-daf6-4e4a-958e-18955d4421ff
2b7dd97e-5b76-4068-853c-4807c64eb439
66d00e66-bdbc-4103-acd5-93d5c8d0f8ce
18107242-1fe8-4b47-bd6e-6616fc17d4c7
8e304b94-d317-4fa6-b81e-246d3f5fd967
9eb488c6-44ee-4f20-802b-db823ee2429d
4a000f19-a4d9-42d9-9d4e-aff81c110dda
11e94ed7-e764-4ce5-b343-af1533ec5190
d9b751d9-19ac-474b-b39d-198c0199e042
d191866f-818f-4f77-b0f6-af0d1bbc46d6
9dfcc0a4-ec80-43cc-8cb3-766ffac8d456
f6ec72a1-a319-407d-82ca-a413f7b6d236
e21a287e-19bc-4779-836f-2d1ee064a4b0
b9d31c46-138d-4d7c-b8aa-0abdb7766acf
4813661a-3b15-450c-b522-60f12ffd688b
0931d12b-9537-49a1-9da9-39cb2c8da284
c2a7b2cb-cebb-4eb9-af46-079ff3d19748
51817402-f6fc-4707-8b59-a775fa5c3a5f
e8753844-7b1a-4156-be82-7a1e9a7cfe31
15215a4b-eb6d-40b5-bff6-911c8a6d9f83
767a7760-bc2b-4253-a732-0025862b7e41
c1b011e0-88d6-4e72-a7d7-f7ebf48c7895
a8ac91b5-06c7-46f6-9cdd-1dd44e8e2ac8
4fa1dc93-a0cc-4d2a-8f54-bddd45e39b8b
1479d64d-6573-4af2-93cd-7dc32f7ff0d0
8170e9d6-a5ac-4123-abab-faa2430bfbe7
22442069-f0ed-4117-9436-0c005e3b90e9
1bc050ff-a6ce-416b-aed9-01a5e2a33985
23ff2039-581b-4d34-842c-4c39918583b6
b1baade0-cb53-4c41-88a6-2247791fd9a3
9b06b031-25f1-4bea-84a7-2fa828327e90
7bcdb610-5957-495b-a2b9-104e78a3e985
1b35d973-2231-4c5d-925b-70eacbdacbf1
193338d7-8539-4033-b163-3bc4903de8b4
90498b5b-94e3-4330-a11f-cf7b2137d528
c8c80679-61ab-4d3e-9da6-342153e0c680
a320dd01-2004-4ef0-8e1f-fdfdaefe3406
370e822a-3cdd-417b-8a24-d44f1cb7eff3
a745fca6-0a25-499e-b103-41d6d79aaaaf
fbad2181-9023-4e3f-849e-7cbef04841a4
3338cb73-2272-4124-9faa-1935eb558928
b06fed7c-5574-4f76-b62b-7a224c9edccc
ceef8f0d-dbef-44c3-b0cb-5e181902573e
6afcc0c7-8b98-4530-b8dc-52324e9d267c
548ed49b-2871-49f7-979b-401e7aa32bad
9fdbf931-9e6f-4e27-9d3a-d745eb9bb71f
33b4d8e1-c184-4585-b56f-4b12262e34c3
f839a848-07e2-46ff-8f1c-90fd64835a0a
f6ca9145-40fa-4479-b4a5-0269cc03567a
dd079765-bf09-4053-95a0-56d659bfe98b
57f7c621-216c-482e-b453-e265caa577be
1dcc7190-18f9-4081-81b6-0dbec243e29e
021a285c-d37f-468d-a4b5-a0dcfb5a4c8f
6f8023b7-cacd-4d7f-aa73-51ce8fe986c0
f021c526-10dc-4adc-bc18-8a432c70362a
4b14dd0c-94ba-475c-9de4-ee941a85c8d0
a0c5d2bc-5b7b-4fdb-b03a-4a210ec85abc
3748ac91-ca1e-4aae-9d3e-614e691152b3
7ae23565-b794-41fc-b55b-e700cc2650ed
ffba0f61-6bdf-43cf-9141-5c2b059f27a4
b2332584-e9d2-4846-9988-957d4efa6f47
4184a1c5-be34-4157-92e2-ce7c837d0231
ff70027b-7c45-4ae9-9d58-0e4c1d91f7c4
6dde8bd2-1035-401a-9d7f-84048946ea08
11e9e2cc-3303-45ae-ad57-906f3229fcc6
eedc5b98-112c-4429-913d-bba4c46a9d26
54074063-f188-454f-9928-7abd0f1b8870
65803245-298b-4d61-aaf6-817e7a977bd7
e5fc382c-9c5f-4426-a9f7-3e38c10beb11
2d4df562-d574-4de7-a7ea-4506600ce2f3
4e10e041-0fc5-42c3-b6c2-e257826ff85a
4bae2719-9079-4db2-a02f-cde6b2312412
fc132151-2376-4034-898d-feafb3512400
2ad1249c-9dea-432a-811a-6f8e00768a0e
2d9fbb93-6ac3-415a-ac7d-2c2c378554f5
b294bb75-9be6-4919-9f53-96aa025eeb87
d28c8803-dd8f-4dbd-98ba-82cd83ccf4dd
0dddfe80-5478-4eaa-9e4d-a600a6d47e7d
56e8eb62-bead-44f3-bbba-bdc635836c4b
975daa34-b1d4-47a2-8006-93a005d8d872
69593a1d-98b2-4fa1-b3c2-536b575d8798
5efc9fae-b815-4c06-824f-fbdad4627b3f
0ebb35ba-2226-4806-8398-17b6e08f363b
109380a3-288e-4e74-b2f1-1c42c974cacb
d70cfc86-b12c-46b2-acea-db82735edda9
cff0224f-9723-4d24-9b80-9fa2e9241a14
d47c1fed-01fa-4741-8a5e-271d0f120885
2a20596f-6f71-4e16-b902-9f97bb1929d5
b66f20f5-da87-498f-bb1a-aca571ec91ee
2fce83c9-53c4-4a51-a510-8b33f89af695
8233a0a9-2419-4bc3-8d40-f13f33d983e0
ee2f481a-9dc4-43be-b99b-f3ee7dcd57c1
0edd5099-836d-4935-ac04-254429c8228a
c0b28707-c60d-41db-9bde-e84162b70dfc
cada1091-0c43-4cd7-a1b5-88cbb870b2ef
ed1cd62e-4481-48d9-81db-e97689359d7b
d1d9db6e-c733-47fe-b217-0d4e04aeced1
4f4ac882-0ce5-4a4e-b02b-b8459d4969ae
e6a4d3b7-610a-4df7-91f4-8b73f698c651
4a483f61-fa66-4912-9830-d073e62ec044
ce1d2d10-b32f-4897-8a96-fba6038c063f
1f201051-9725-4957-947c-0073d1b36832
314a6de6-1ff8-45b6-bd30-6f46a7cf3252
29c6315a-e3a7-422d-959a-406e1c3f60be
16e6886d-8e6f-4aa9-9a2d-80f43302996e
62052784-2c31-475d-837a-5432e018bf46
a9e6940d-e639-43c5-9d2f-899d9214931c
2f4171be-b892-4963-af55-5c85e22d28c2
05b0fb19-f365-40b8-bcaa-aaa49e3cc70d
77fda118-20f2-44c2-8c0e-07df95deefe9
14da7e14-26a6-43d7-a233-a10051a7d6dd
7ab93b67-bad0-41e6-91bc-75efd80a2c16
df49b271-1a01-436b-9658-fb6a01ba8083
412a3b84-bc3d-4bf4-95bd-49d25a5b40ab
69e43d57-048f-49a0-b00c-990e5c8773de
8fb8247b-2f18-4c15-9a91-db345391c3fe
97e8ff95-2638-4e91-9e8f-f8ff7e3efe80
a702a8d6-5aa4-4e13-b3ef-a6b2a337272b
413075ab-37cb-4a8e-87ce-33077b988ad1
921fc699-b7be-4868-b069-b99d8ab34038
ba39fe49-43e4-47c6-ac65-03ffe443122f
f22449f7-c697-41c8-8b9a-0398ce44eed7
b09bdb81-7d38-45cb-b391-c763439e061f
f921ab9e-240a-4df7-ad69-f23f8bee2d10
a2e27ed1-5041-4ec9-abe4-54ba868308f2
d0b2610a-6e42-45dd-a87f-13898a0c3056
281399d8-160c-48b2-bd21-82fc74e4b64b
94ae671a-e394-4d14-9d47-6052864946b2
b824171f-496e-4800-9fba-9f1e07ee4efe
9c4df8eb-9151-4117-aeff-7dd63527d50b
c717c2c0-b2d7-4486-b1f0-9845b6d82f7f
f2336196-acf2-4b74-b6ce-12f2e4de6e25
6e7e93ff-4328-4e86-aae6-e47119e7a49f
09d2dc65-00b2-41f9-898c-6078fb8096dc
d4f75f2d-7287-494f-aea0-38c73dbff452
fcbef52b-5635-4104-8a62-6d85c3f90059
2ac48525-acf3-41b5-8cfe-b9493474e6db
991c76d0-e376-42d6-bda2-a266845b493f
d7aa3afb-fbdd-49b7-84c2-1e0821962e8b
c0945556-0046-4bf2-b71b-17e2d8d4d36b
4ef178c2-8afc-4d08-b9c1-793412b534e3
ce9783bd-1ed7-4029-8810-05f43d6f9d8e
ecbd8cb2-c0b0-4666-b050-91c848e6d870
caba8540-abfe-4826-929b-b811ff92f3a5
77ca795e-c6d8-42b7-aaee-c191540b3123
9aa5912b-f9d9-4dd5-bb3a-759d946e2508
a0a7c3df-ba33-4451-838e-a85a0dc76c56
25171948-1439-40c6-869e-d0813d4f3a4a
0740c464-c822-4071-a542-d4add89ae720
4a7e89c4-b7ba-4329-a2b7-fd84c757e868
30b60e41-9784-4438-8674-8f6852bf2a57
b5da1fcd-bd32-4f0f-87ff-14677be88234
f4db40ea-9186-43bd-84ff-7650a7708d8d
534f6285-1098-490f-9bdb-28a3988f5395
19734e6c-4c0e-4f51-9b11-07e66588b441
d66957f7-0752-434f-9c1b-6470f4797048
47348f8f-63d6-46ea-8f36-5e1069d61b68
95e4fc8a-9d26-47f8-80c2-7bb8e83eaea6
d92b5285-5959-4a9d-8a79-b1c8df98da19
d60f1501-5bdb-4787-863f-70364a29ab0c
3a311fc2-9e09-40ba-a880-c1197f187734
5fdd7f3c-9b04-4689-a7f1-713ee64062bb
08c29fad-d68d-4adc-95bc-cdfe996f2a79
9b37ead6-300a-422d-993c-47576456e984
28cbcd06-d106-4f73-9bde-5b5f62d63974
eb02cf1c-c661-486e-9f51-ab5a45bd0d62
319f8514-1626-4902-998a-79923fc562a5
de2a96a8-e4fc-4551-8802-2e3db2bcdbe5
40b69359-c212-4e03-a3af-18745839436a
af0af795-1566-48f5-a1d8-87103a3ad8d0
48e4b049-a0ed-478a-93ef-6ca9771a35da
813ed857-5ce1-417e-a138-d447c67c39cb
d65cf908-f7e4-457f-a6dd-8b97a6eac182
5eb3f63e-e4c5-4183-956a-c08630e896a2
3d7e230f-e496-4fb1-881b-25592098eb69
0daeccdc-9a58-4fb3-9c93-6aab0813b4d4
6cb259f8-0a39-47aa-84a2-7120b6e7e3fe
054e6dce-0192-4cea-94fd-00b480e565d0
bd2b9f94-86ca-4022-a4b0-cbddd9c864d2
adb1864a-f2ec-44c3-bb69-9e122385f4f9
0291840f-becf-42a6-9a11-ab746f1a236f
243c133e-468a-4225-9af6-04ab19f01392
495b42a6-9b55-490b-884d-aa3696a0fefa
e86dab09-e39a-45fb-8fe6-635b77c78d11
c922ea05-cbae-4ed2-a040-cc8c1b27a7f5
0b3071bf-ea65-4aaa-8ed9-171d9887b611
39751f07-0553-49ea-90ed-aa79d241b4cb
12082bf5-1b9d-45cf-9c44-ff77d0989470
46fc4a61-ee5c-4fb2-9858-8a636185ab4c
a6b1d638-a5f0-42c5-91b0-68a17fb00fcb
4741ee8d-01fe-4ecf-b980-a7ec94b39df1
c28eff72-919f-4aca-a1d4-3d28f39f7188
6234ff2b-22ff-46bf-a35c-19a12d5dd0d4
8b4ec838-aef1-43fb-8407-d3a2bb1e37ff
029e8638-666e-4aab-95a6-a49605fe6d44
8cd6de47-4ccd-472a-b5fe-e31d3c335ff6
cef5a482-b21b-4e9c-9e05-624deb60a258
4545a947-fb5c-4977-a678-d06ef568bbc4
f606aa88-7b69-44d9-aa5a-c34620f804c0
554354c7-d19e-4b35-b3a8-1f4971face1d
a6b61c9f-889e-47d4-bb67-2eae31438672
270f81ff-4806-44b7-bddd-7c2af281f32c
03605994-dd10-4f90-8ba7-9869717ce4d0
93d91e62-04ba-4296-9711-b191fc9b9c35
eb3a0421-b08a-48ba-bb70-2df7e9df3fb7
cb2cdee9-7024-4de6-bf74-1ce071d7e68e
03de2be9-0087-4dbf-ba44-78068d626b0f
6eaba4ac-8f1a-4731-9221-f8a6b977b6c7
1576d4c9-11da-496e-895a-54d7d3c177d2
c4615b23-f6d3-470f-8663-ad6ea685dd34
516d0380-52a9-4771-984a-924d7d195f37
34751bd7-2687-463c-b652-84eb5cf4d1f8
7e9c4693-a0c6-453d-a3f9-0455d6ce59d4
841da9b2-ecba-4725-8386-42e140e0ecf4
a9a26883-9d75-454a-942e-c5a9fe57bdd3
06a9515c-fc2e-4fb4-a09c-69600b7be518
31a74c71-f364-428e-980b-61eca0bee56a
cf5cd77b-deda-4285-afe8-7fb98a8dbd05
5e8b6806-0fd9-4d28-bf7f-dbf6d23e4967
209705c6-8957-4081-8697-c2889552642b
a8f2d760-1958-4ade-83f0-82654a87c35d
4881c4e9-1e41-40fc-bc4a-bbe354b9d6d7
ef9c1016-5690-4c6c-bdac-9de7f58d13b4
621ff1dc-6fc9-41dd-9de0-47250293cafe
bff3b969-cef2-4343-b046-52cd44c7374c
51ed83c7-ac47-4a78-bf67-46e4cbe3f015
ae3f7ab5-741d-4fae-9e92-cce31efc0173
5c32b5f9-8d09-40d3-9179-c69fa94eae02
c82aaae9-9739-4c7a-b014-8f6b26ec1c3d
5cece994-0ec1-468a-a6fb-1e9385c5c29f
2a3ba39f-2d41-4637-ae4d-a93123047b6f
e2c821a0-95d6-4e5e-b559-95eabc3ec9df
465878ec-b4c2-4e43-b896-ba193fe45007
62098bae-07f7-4596-9ef1-cd10f0b9a54d
5bbed2f6-fa00-404a-8c0e-6c5b401bcc13
703a86ae-0da5-406b-878a-d75d4d70c33a
eefac381-fac5-46a5-97f8-41af9b550bad
40d69447-4972-4642-9269-dc0d8e317d4b
375de3d0-24ad-49c1-a3bf-9702c8007a76
2958dd37-9978-4bed-99c2-e67b3d227e67
39960f44-7faf-4198-bc5c-add461f6c00f
ef96d48b-4c5d-447f-a24b-3df70ed95866
70a336ff-c5f5-45bc-acaa-4bcc622dc427
f4605a8c-5b10-42e9-9c90-962eda5a7ff4
6b33d232-1771-48cb-b92a-8ec0171d0f34
bc38d413-b60a-4af9-9a5d-0f67be199466
8ab14bbb-a6f0-404e-bcf9-f3ab63c629f9
2a7ee1a8-7ce0-4b75-bf81-3b1e9351a366
f8c64e6d-276a-42e5-8875-abb704539d57
61bf08ee-85aa-43ad-9d87-a5a37f715e0f
863b4523-c912-4a5e-aae1-90948583a231
db3f2337-06d9-48d8-9ac0-45ca12ecfe35
e605a824-431a-40c4-807a-6a7462accfb8
b9098b1a-d32d-4e5e-b88f-136392c3b645
d59c6592-b87f-4372-afc7-ec87283ada96
a727b385-e106-4d59-a371-361eb491e77f
4e8fcbf7-4ae2-49a6-982f-c1948744f5e9
0bd37d05-df1b-4eb7-a31d-1d54a8fdff53
82fb3005-2a8b-4cca-a0e7-6fb66f8a17e3
6ad52d2d-3dd8-4ad2-856d-1fe9c4f9349e
f004c828-3bb4-4cf4-8c8a-f6887b6a935d
2e9ce7ca-a65d-4d21-b820-a860d816feab
29050787-0f47-4571-818a-3b1426b79b28
022c7b98-4034-4b38-975d-50130c921601
e7be7e73-0037-42e8-a334-f7f21b4870b9
dd3f009b-5409-4cd7-b45e-5ecfadff1e45
1c4aad38-a4be-417a-899c-6f51b3d165e4
d77d3206-9dde-4caf-935f-9ff7ebe7c5dd
e8c2f4ca-1ea3-4b8b-b8c5-2694c296ae25
e8e88862-c060-4158-8196-2080e243da10
5a8ea443-65e6-4d98-9878-65e42a2e8915
52fefb41-1e52-4152-be84-ca79daf9ec40
f2da90b2-c4af-4f37-bf78-aa0698a07093
0a98299d-4483-4dcf-9173-968d053b54b6
fc168473-e90b-4468-b73e-b89f1c0282fb
228f76ce-401c-48fc-83ec-4e973e1e2e63
01b79584-5419-4051-bae5-174841d56fc3
519134a1-cd1d-483a-b698-d47acd595c8a
b4f9c884-6fd6-477d-aae7-38434758bcd6
f0273320-7649-4b9f-9a9b-9cfc0d94d027
e1d85c0b-3aac-4d20-96de-b7fe5d6105b4
396c4b12-1da8-4a13-ba8d-1808da005ba5
695bb0bb-3495-4f16-96d5-f77c7f58e68b
08b20497-1e37-4d90-adc8-0ab4927d91fe
60470587-266f-4131-8425-c4a20c3d768f
a1b3b68c-f87e-425b-962c-e1805fec74d1
b9c898cc-2fd7-435d-a7c7-d49ae5638120
4e75d1c6-1833-4c2a-989d-9f9c55713849
55f323e0-3059-49c9-9fa2-4f30f4bdc5d3
a49e4212-016f-49c7-b506-abbccc83cd97
f41a123d-7fd5-477c-ad34-e914f2ec3a46
3583ae3c-762a-476a-9391-1353dc4e369c
1c087d9e-d712-4cad-a70f-70d8265e57a5
876aa55c-6a33-493e-a9c3-3244b91fe42b
d1eb6f51-34b0-4c1b-9dae-f32c3bdbd75f
a6a53de5-5941-46aa-9051-7a07c2ad796b
e625594a-9534-4299-864e-fd4a3719a3b5
900ba0a8-7477-4bfa-b8b6-cf39773243cd
96d0f098-7c53-472f-9d83-0bb2fe9cdd2a
8a6691da-56a6-46e2-9f17-8fd06ab1ae39
41884a94-45ac-4456-8fc7-8313cb3b01ef
24f73f6a-2b5a-4148-928e-bf1a2c5426e4
6a38d38d-d691-4f29-8586-bac5414b51ca
8f0aea14-e94f-47af-842b-b18b8a0fd93e
db08de46-9a39-436e-bc07-7a4deff88e9d
676b83e2-28e2-4103-b91c-0ba7686ec67a
c6eb6018-3d6b-4aea-a3dd-2973e0ddab4e
1f258e14-686b-49c5-8b51-e2a737df3cb4
74cf62ee-04d9-4107-9e40-c4b72c804e99
887b9a7c-f9b0-4771-bb4c-3b779013b56f
8af963e7-d5fd-4a42-b937-d68eba00259a
ef15f7b9-e8d3-4676-a2bb-69fa3161aa62
f648aed0-c062-4e0e-a742-dd29fcd92c35
7e3a8571-bfa9-4fb6-bf55-569eb4025821
48a1a1ab-1b28-49f6-a888-41f8adec4cdb
36150be3-92ee-4a90-a529-8e67ddd360e8
38a00a22-e619-431b-a8e1-6651f017991e
3b81be9c-c058-4cbd-9105-fc353b32a2c4
3e74a800-366e-4611-897b-2b109c77512c
26ee0efc-946b-4c79-b9a5-5391f23f06a4
a7279198-2969-4c78-aa3e-578d16db1d34
d7fbc8e7-857c-4a81-ae2a-e442d2cb1d5b
0991cc69-720f-49b3-80ce-126ae7890f9c
3618f70a-acc1-4f6a-8d81-46e6a51f937e
05e74de9-3996-40f3-9d38-e3ca348f4b86
48c27ce2-f2e5-4206-9770-a0e90c55a7db
8cb9869d-f3b0-4f3d-b7d0-3b7dfd4a644e
cd151c77-f2f3-4006-acda-29b54675ad1b
14edff91-0931-4f63-b9a1-2969965d1803
c5895fc3-b68c-411d-aa87-b455c2c9cee1
2606ea0e-91dd-4dce-a232-1cac8941589b
5b53e8de-1b2e-4fdc-8a3f-a070e5794bbf
7607f4d5-63df-4fbb-8f9e-991cf292853c
29e41831-ae88-4072-b6ee-94d9ab5a128f
78ed2eec-094b-4532-8b1b-5b1e0baaf28b
66755460-5394-41cf-b2bd-d608dcef85ff
3dbbbab7-fab5-4843-aa71-6bc0f1a80001
e3c4fbe7-76ae-4ed0-a0a8-e366939d8d18
2a3ca6da-df1d-4f97-957f-6039f3d18f88
b1c4322e-85a3-4236-9acf-f538c479f722
2216ff37-ef35-478d-95f5-564aa6084168
02cd6d92-bf6e-4eaf-b106-1e38bae49c85
1d194c27-8dd9-40f5-937d-33f59ed5b38d
64750702-aeec-4830-8347-6af4e3430310
8c493243-5814-4ba6-a7ce-505fcdb8eb38
8b6d0035-be99-4205-b6d5-3c53b0712791
a0e18a3d-b110-42a8-b444-cf0e66605fa4
d5377356-0e49-4432-8ee9-ff3810a357bc
05de1c7c-a756-430a-b290-efdb5f528263
2f24efbe-aa94-4b3c-a22f-0097baad4f66
3df0d746-fd84-44a8-8c6e-99835fa8b3d7
1ee808af-af31-4cc2-902d-9a171aeba1b0
ecbd355b-2573-4dbd-8f94-42968685df36
0ee3e81a-b090-4c6a-8c73-710ade94f962
3d74f979-fc12-4871-9b29-e7e30ba8c784
6b7c5557-4652-42b1-9e8c-4db70f22be2f
34077ffa-334d-463f-85df-37637e86c396
20868bc5-efa1-4f4f-b62a-b339f084e7b6
28757e9e-040d-4d09-833e-8b9f0010f9e4
194e7d80-b918-4e32-80d6-ef5ed42ad399
f5520d9f-1ada-49fb-91ec-63ff611e0641
c4025bce-b47d-4e85-b969-d2359f767015
5642b488-8c95-46cb-9a8a-fe1f0dd2d9ae
d665b3e1-6fb0-408d-8509-a5bbf580c07c
7a11584f-20c0-443d-9c3e-0a62a6755af8
[...]
b4912efd-15c7-4a25-9327-ccf20fa8f066
5bf10a26-504f-4f6d-a0aa-a53e56ea1528
f9e04626-56fa-4f4d-8f27-f42287bc2f00
5d566197-2bd2-46ab-82a9-37a2c8fe1e4c
e787ff74-7ac5-4333-915c-9946e03e64ac
50c63cfa-69ef-45a5-b742-88d3f61459c5
87804254-7f0f-4f12-a9d8-493a5aa4622d
c433249e-8d3b-4c1b-9dff-48e8a795cb22
1d8f8413-8294-4fce-98d9-21d8888c4cc5
62e414e8-ae23-4051-b125-580632a76357
4987cb65-a042-4a8c-8751-9d7ebe8edcc4
ae1623dc-d7ef-469d-9cd4-e76b4811dbe2
8cf4fb7c-00db-4eb6-ae83-c943a63f8667
5b048a5e-420a-401d-a48f-b3ab62716c10
95614512-eed3-4487-a26d-841574d8cd48
cf669e02-2e2c-44d0-9039-f7697f3cd412
ad849d0d-7bf5-4023-ba92-c8d0636cfb86
531a02a2-68e8-41f2-a9ee-5543b6d4af71
4bd78789-3753-48ce-8355-90a9c04dfe4e
51f96e0c-5cf5-4cf0-808e-502521481ea2
b4f871bf-ec2e-4914-ae70-cadd92209e6f
e863b5c3-4355-4f77-a6ee-d1b2adcb2812
cadfe3e0-6721-4dd3-add4-d25873292bab
d30d19f7-ef23-48b0-99ac-017a9844dc89
7d474a01-ebf4-4382-bbda-083a7477df5c
e431d828-1014-4e5f-a750-83d98ebef396
c7d82e41-7a9f-4bce-b9be-d4779e225833
c9ce02bb-576b-4e42-9392-635da63f363b
19252298-8112-43b6-ab2f-d15e41e68a84
60837f90-d23c-4881-ac10-0b68d216d137
35731aa4-12f6-44d8-93ba-5a3d18ab5836
f7e15f5f-d2f3-4f1e-bd9c-22e7f132992b
eb0b117d-6b10-4575-8750-3462d2b84339
1f027beb-e084-465b-8acb-93ed756ba2c2
9a4de98b-3807-4af1-808e-b5890ff6f3aa
64f4b7c8-b19f-4c93-9ae5-8a0c666dae72
70539469-e98c-4cda-831a-9653a61d18a5
7e4a9142-f3e1-4cd7-b8e5-0ee7af388966
4e74254f-23cb-4f16-8526-5d49804500f5
67859453-fb0c-49dd-82e3-a04a696f7ceb
e50bc459-2c77-4290-a85a-25f676c278ea
749fa460-07e4-4264-95b8-e62863978865
2c6d6032-8de2-48ca-a25d-efd3bc16e3d2
fe841fda-05ba-403c-bbed-032ef1fe0bf1
f7aee35e-121a-4fdc-be49-9bb52ca5dbbc
317d371f-b9bd-4834-8794-ba2ba270f43a
badc4e86-438e-4838-94c7-4f2821371725
91ad85dd-9860-4028-855a-2a5d60d4fd1e
761beb95-08ba-4b33-b83d-eda4fdf3f36b
8b6058ed-b56d-4331-a519-8e66d270ed49
4760b493-1dd0-4bae-bf60-8890df9596a8
cc1bebd2-a013-4806-9cd5-6c25c09138f2
2fac01f8-31a2-41ac-8c6f-fae5f527c0fc
1595c322-0778-4404-a006-ec96163560d7
6e9a9da2-6db7-4541-8336-a3e3b7ce9d5b
ad92305e-b5d1-4245-8539-b95e33329c21
5631b0ce-b94c-4eb2-a0c3-925aa72131bf
3365310c-de92-4005-a988-e484a47e183c
2ab9f59d-2885-405d-800b-6180397e2a90
3d8ea55f-cad5-493f-b1e0-778d1ba319e0
9b03efb1-1a28-4704-bc3e-292e914f94ce
444dd30f-cbfb-456a-a2c1-b203890919ac
53ff2536-5f29-4580-b5be-97ea735327d1
3f238e9a-bdd4-4624-b744-2230219e3f5c
050e560e-92e5-4d2b-a20e-5d8e7d3a5132
17998344-1666-43f6-b740-839ac411a943
4862e001-55aa-4ed4-bd36-44c4af2c3d35
271aef16-e5db-4e11-a354-1e47b7d8403e
7b27525f-dbf3-4bf0-8645-b74dd205e8e6
f54cae6d-1464-4d54-86ae-5bc1b61ffc39
5a576ffc-eb7a-4620-8499-d500971d8d67
42036bc8-a4e2-48c5-b54e-d097de93392e
34e166d1-3f3f-46f2-b919-52fde301d26b
9a4d47e7-f3e7-4abd-b7dd-4621e90f77a0
f3f410a9-8707-481d-8493-c7ff0b19ca29
6c417707-2dc7-4eac-8036-d68d71c373b2
ddc6844e-087a-48ee-915c-0723bf642d61
79df3b7c-2484-41dc-988b-098e269f98bd
92d6e4ab-6003-4948-a903-6ee100bc4597
e236401c-245c-4f06-97fa-0d102954ecbc
9055697d-b017-4418-b0e5-dfebd8712e8c
6a77855f-c33c-4bb3-b828-cd5e95e2f6a5
4ca018b5-aa5e-4976-9df4-6db5cf22aee6
68e3008c-e812-489a-83e6-305f2d2dc50e
e8f5d392-e91c-4fb5-ac24-aa9987e23e77
32d04c93-6124-4a04-a207-be72c5985ac2
621855f3-5fb2-453e-a7f5-52f99a07a855
3ee9d6df-8b34-48df-9433-4ffc080a63f1
8cbe731b-5ec5-43c8-b7f1-b1cc2275ca5f
7b0b0c32-013c-443a-8272-94933cf6ed8d
f58b08e3-22a0-40b0-a8e4-79fee440ec12
3df34686-363d-4f44-ac1e-f9d043e2bf9c
a1bd1e70-5203-4707-a427-ad9d6b3ce6c5
608b3596-0fb6-45ba-9902-679374d72426
cbf26a44-b1f5-4d1d-9c44-455a3d203e4d
0c31358b-a028-420f-8d80-28571536a44d
ae9a70ef-7306-43f0-979f-04807873b67b
9ed99c11-33a4-4602-acc8-4311a27ae3c5
27776d28-ceda-4ae1-a1d3-3a2e8d149d7a
f4acc19a-2e58-44da-9474-8f745b8d37bc
3b891d34-55e8-467b-91c2-1403933e4bdf
3703f75b-6c03-48c1-9753-8c800b1ead27
f1cca4d7-7f81-4ed4-a138-2f30ce1ee38b
185852fd-5d7e-4286-a441-a00560b92b88
36fd6547-2b8b-484c-83d4-0d05d3fed592
0a05ed78-382d-4019-a78c-1c84328fd10e
6fcd6e93-a5db-415e-8e17-b369097c2b8c
1decc534-e7fc-4176-ac8f-4ae78ff41d0e
7d8323a5-48d5-49b1-80d4-b392b722869b
9d0ebdfd-5a09-4bd2-a50a-ed4630148d0f
0e0de55c-6ca7-4c5d-8a32-59b75021ffcd
62b5d79e-42ed-41c5-943b-88e76e7bfbdf
11197451-2fd5-4a9a-b0b6-68e272038675
9ec026ec-0945-4529-98af-73e91550b402
fb865840-a2ec-4019-9d91-c5fac7ad5bf4
998981c0-151c-42d8-b972-ef1b7f5daa01
377412b0-5caf-4620-84fd-44a4a6811978
8fbc061e-7aa5-48f0-8a02-a82643e7734a
eb29d4fe-9e62-4351-9314-2d221ef5c039
7976db38-fccf-418d-9f27-d5c0da07536e
5543b9b5-458a-446e-b01d-4f3abe99a687
94c74e93-17a9-4872-b611-03540b4e7316
31364fe7-7507-429b-9372-10d89d4716c9
22146aec-7e7a-4c9c-9104-88d69740a1a3
b08f8ef1-2f65-4b22-8957-6ca0bfa3dc4b
fe6303c2-5842-49d4-b1bd-97ee95292cbf
b9a64ae1-7111-4413-b10b-b9d63a7e8d5f
e7f73a72-ce4e-4f5a-84ab-9b84f6da84d8
358dd489-5751-4a44-b63f-ef8af636a1ce
f0429fcc-8ee6-493c-a082-9bbd130ec6d2
19a44210-5d67-4fc4-b883-e97cab23489d
39aa3757-5a1a-4837-be8d-b3d5a7f78660
f640e6b9-ce0a-4f69-9432-25e615cb7105
2aa6d82a-4aaa-4cd3-bc6b-7c9155dc6dca
73eda172-45c1-4edb-a163-60968d76d265
603f9d5f-e6c6-4339-a33a-077b6dbc1db8
a228cba2-c7ef-4768-8afd-f6a314d10bf3
92e441fe-707e-4268-99f2-c863b99396a2
35fc20d6-1cca-4aca-a745-89a6a68bb1cf
336438a1-77d0-49f7-8a4e-8034bfcaa8e2
b067bfec-2ab2-47e2-af45-847d872b4f3d
eb8b7566-12ef-4084-9295-2e9157947387
84415a95-3579-405b-8359-a41a557a212f
277fb669-cc20-4a29-b026-1e97d612a68c
02e7da03-2987-40b5-ab54-c97aaad40fae
16d77434-13c2-4767-8021-06b49a7fa35e
50fab96e-86c3-4c4b-aed5-d35cd187889e
77df8b93-c8f6-4984-b4cb-0ab00bbe4924
566efae9-ea4f-4b28-afac-48e64a2251bc
46820cda-3ece-44a6-a2c0-4edced866375
e7fec83b-f196-460f-ad36-c49374046ded
e192896d-2d46-4386-a8ee-fa08dee29749
9811c98c-a5fe-4345-a12d-0ed8f032d872
4d57dde8-055b-49ff-b26a-f987060c182f
ddd6a3ef-ad7f-413c-b589-8f0fc0de30da
7c1f2036-e9be-4a0d-8ee8-5e801254fdbd
897f6814-05fe-4dc6-b2af-2561094652df
a6697adf-c9f7-4996-989a-bfee24072b5a
2deee6a2-5c8a-4218-820b-75027c702ebb
f8baf649-2e13-45e9-ba3d-084517bc5e5b
23fc0355-023e-463c-a350-110fb7d56777
3ec2bee8-3bc8-493d-a768-65eb78289878
e0028114-2279-47fa-9ce1-1abc927ab54e
e6ed359f-c385-4beb-b25c-a68ae525cf67
6333892d-1db3-4d64-8a9a-8c41998173fe
cf129315-ddd5-4aa1-948e-a2e9eb5f53b5
4da413ab-60d2-45d3-98a9-b6db2231103a
b66f0591-e734-4695-b079-a7f8b04a352c
4f370e95-ab1e-47a7-896f-424e3e0cfc9a
1f7b1350-1f72-40a5-a818-753319813d56
239e581f-feed-4dc0-af04-3be26275b2ed
1ddbc63a-0b06-4255-ac83-07475ffa37d7
a2b55daf-a43f-443d-9d86-3122eb64fff8
1cca5d70-3d85-47ae-afd5-834869a73266
13207676-92c7-497f-9fd6-562df052d912
357cc6ff-71f4-431a-b545-62fabfe18458
db99f6af-db57-422f-ac4e-dd04a4be9bcd
55274ca4-2c60-475b-9621-8ab27dbbd66b
b2eaef08-d2f9-426c-98b5-80ccac78f6b7
4961c8e2-64f1-4ba4-8af7-28d4e4ba00cb
380614d8-5496-48df-bd8c-b706bc381a5f
c2a6d005-25d4-49d4-bffc-a9aec4f22cbf
da2e0c88-ab83-4f7c-9847-05c54abffe7b
b5067655-3d89-4223-86f8-353758e0e22b
1de37d20-3869-4090-9033-5101f800489c
bca5899b-67a6-40f5-93ab-eed1c748aab2
1f2ab174-3c41-442d-a98d-091216af3b57
67d36141-7f2a-406a-9019-dfb53963d5ae
13719abf-2caf-44d9-9949-d1d275f465fa
ea7aa3be-de7a-4cf1-98da-1664c08f0c88
c1e3ec1f-6eb9-48f0-adf4-38ea56fccfbe
e398b8be-3bf9-4102-8f79-066a75c7c4e3
f375505c-9c51-4ee9-8767-a96cf919c74f
e732105f-c310-4c3d-b0f2-5b23000861cd
297f43b4-a981-4735-a308-25e0ed22126d
773936d4-b2fc-4f5b-bfc1-7b6c1b3cefda
96c2bc94-e56a-4ee3-8ef8-aecc94552f03
091ee0f8-689b-4aa1-b20b-06cee45a722d
def10e47-9f1d-4df1-833a-2fa1f577376f
862f7cb3-bf67-40ac-913a-a662835e6cb8
c35b5671-7d9b-4548-bfc9-0c9922e78786
c78b4b45-bf32-4fb5-8112-d5d1787fc130
d3ed22fe-9d93-4e98-bc35-4546a42b080a
0f46f892-269e-43f3-926c-7afbc5c27ccc
2eb153d2-aaf9-4635-9381-d9a0f001a1ec
0afd1eaf-7753-44af-a902-a5e4a6ce2a0f
6cac8021-15ad-4632-a83b-4040bc93cd19
96bd186d-5952-47a7-9a43-b475835f6709
83bd804e-9277-4eef-9779-f7707b0ea4a4
d8c2491c-93fe-4672-935e-576e3e836d7f
34079807-96a8-489d-b0bb-85d4f234d238
bdffc3e4-c463-4e98-a0d2-69f2c72439ef
2253d4e5-b6b0-49e8-a453-b85807b7755e
2ab07104-a819-404a-8a4e-870947566f85
1d2d1c3a-62ad-4fde-ac89-2af7fee532dd
3c57157e-b9e9-4011-8642-9deee9b70825
84a232c7-f420-41d5-8c18-5538df57c25b
5522d44d-006c-4602-8538-37b3923a7e3f
0af271d0-dfe4-4cd9-b590-34776cc05fa9
d5966f6d-808c-4b3e-93fd-475fb3fff21c
a81c536d-df06-45ef-8214-5d7cae4df12f
0c83f16a-0645-4d20-99cd-0a476b0a70c4
99566686-8f52-4d53-a4fd-951a049219b9
b9de349f-f0c0-45e8-a8e6-b0e53654e6b6
5aa7e762-1a83-4734-a84c-a6d083db1edd
c00a0207-d177-450c-8f38-bc308e58aa9a
2d441175-6b1b-49e9-8b78-1e804148a83b
81829f8c-94b6-4b7c-bcb1-e7692b7be2fe
27bf604c-0328-4e1d-a7c0-66966151d02f
4afa5a3a-79ef-47ff-9143-bf3f8464cc8e
dc8e41d7-39ad-4d35-a166-b6bd63916f64
10583578-27e3-408f-8d91-c8e36ae7f27c
2bea29df-d252-4352-97cf-5f2f13a284e0
33b7a262-1af2-4aaf-83ea-8963a3fab94a
419f16c3-b35d-40ad-a0d0-d341ea8836b7
ad4b0a41-96d0-4337-9515-fee7e07607a8
82ca44f5-3e38-4822-92f5-e773c25eac52
937f22f9-5cbe-414a-8d6e-ccb88cd1f950
b9309c3a-17df-4b2b-8a20-1053d9235a84
29d4910c-9df4-4368-b7f4-c4a80e397c87
2ca29886-97bb-4438-a4eb-02eb7b33af06
50d64595-b6ba-4eae-aceb-e545084257d1
f64932d2-9e39-4f33-86e9-afbc55cec4bf
b58581df-3b45-4b84-9c59-fdf44bba6ff3
528c4326-7ef0-45a4-81a7-8970761b1bd5
83487780-386e-4895-8409-542d770a052e
9a9a749c-2252-4f92-a6ad-5fba2925df20
609634b8-82f2-4782-8bc6-1b8668717bd3
c9256f12-efd9-4784-b7d2-109dc0d81cef
30239975-f9cc-462a-a7e2-654a5151698f
e310437a-8cf1-4ba6-9eb9-97f60aeda683
6e9c2095-a58c-4ac0-8c34-343dfaa6f034
7f504a0e-b533-47c2-bd52-8fdbe5d66980
9047d899-e94c-491b-97f6-f4b7746e96ca
2e1a7109-476f-4315-9a54-60a525fc27ae
da284a49-d3f2-4e33-bd95-9fef32e7ba20
199c4ffa-b9fa-4ae3-a055-032748917b35
7e7f68fc-2151-4fb5-86c6-1da7ab2c795c
75068c59-7690-44f5-b04c-700cbb83daad
ffdfcf0d-ef3d-4b57-a1ec-d69ad9a8a1f8
2041fad7-751a-4c27-a9d0-6876c02ea3a7
720db1b8-fc7c-40de-952a-c973315c9488
7229d1c4-41e2-40da-91bc-a6ea856c5ac3
d296b441-584c-4234-a42c-b20c59bf2449
a819b7ca-d8d0-4cf5-9f1c-8b901f48b239
8510172b-9ffa-4cc9-8493-1eb9ec06e968
ae39c82d-b9b3-4c22-bc40-3ba22211e4cf
7824c1b4-a294-4fd1-8676-732f4bdaec23
f6871017-6c47-47ab-9582-836edb268b95
d7807c09-59bb-478b-a265-1440e773cd8c
f831805f-0b67-4910-91c8-e319ce1e2f38
a5db094e-8c18-4c16-8034-d3632d647858
502402e7-d8d6-4342-a172-4d6976493a8b
ec670be3-cb51-4cb9-8eaf-5afdd0264a00
01c4fd59-33c9-425a-9ad3-57bc70fde9bf
2a1903c3-6ffa-4d81-a382-c9ee0bbabc44
b1352ca4-5976-4d72-a166-f25cfbc82e7d
40879dda-fd72-4603-87fa-ea53f6d69a0b
0940263c-a406-44e0-a20e-c3d6c569d978
aca50c71-6e22-43c7-a7c9-84bb75498710
e682c76c-44cb-4977-8ccb-bb32ddc08040
a195cb65-c211-4c6e-8754-23e4c1412454
5c983e57-9c74-4a65-a548-4f52080bb978
9a7f9344-839d-42cb-8dfd-09b263094bf4
ab757ae6-3b14-4ab2-af10-e08fb89ea341
e8fb9541-a51a-4d1f-a113-69e5a930502a
ed026174-1d69-4116-a81d-9bcac88900f1
721bfb2e-faeb-43dc-8216-a4c5dcc3834d
f76dca5e-f456-4b4a-a59d-260e73c84c2c
49d7fe21-1698-451b-8ee5-a780bd7a216b
82ae67f1-bb21-41e2-8087-ac6eaebff918
ba7e7b0e-2ab2-4acc-9fce-8b74202deb9c
3fe2b9de-9082-487f-90cd-e6655f57cf6c
30a1432b-9e1e-42e7-a526-a6d68b7ba233
8c20fe8c-5976-407e-b516-b4cf0d35007e
8f838f58-2a83-4705-8bcb-51f9b9eca2ae
cd2bce8c-1eab-47f7-894d-e9908e39f01d
fc2e53ae-7096-4099-b5be-8a3f6424ce87
0a22c011-8e4d-4340-a4e3-00cb03e4cc1d
a7ea6560-0650-4a87-a355-e36a763e056a
ddb7ced3-ff51-4841-9671-87996072b278
f9ed1031-758d-417e-b349-952cf784fa33
fdee8811-1a76-4a31-9a07-7295d556887d
d4bd7aae-ca9e-41ff-8691-ab840df913e0
30a8d025-46f2-483e-9ccd-2f5e1adb83fa
103b9d9d-a421-4a47-85ba-2466e0f0d606
e74a824f-17d4-42c8-86f8-0e512bb59c4b
5fd7134c-f235-4512-8861-5a23419a19b3
32ddc981-2fa0-4e78-938a-8f272f909aea
29b024c2-a9ca-4e1d-b4f7-edca04153c6c
324a599e-601b-4fff-a967-351867778d60
65b12dc0-3380-4f51-a15a-b95ad77cf51d
bcb2f08d-3669-4255-8fc3-5aff6a6aa583
a086a6b8-31a9-4e75-b69c-c772e4929730
3792b746-6910-4fa4-84be-a7dc96b3e80e
835de086-67c6-4cd7-b109-55de8596f4d2
9a0b0c73-faa8-419f-b3be-c6ebfb98f599
0f5c9900-59a0-4bd1-b09f-a88091871b0a
080861d8-bf56-4536-9ff5-1a74410d7467
af2e1646-93b5-45e2-be6f-b75b5017fc77
641a281d-1472-410a-aece-838afcb34eb4
ce538757-52fc-4c2a-92ef-09a31fbea67c
2b779a77-8201-4410-8256-a7c502bca54e
e79d5d5e-8c80-41cd-b7ac-4401385677bc
63662a84-3677-4be4-bd92-174b6178d77e
a1898d18-ea56-4a18-8bab-772042271097
f9a29b2b-8808-47f6-a64f-ee3901876340
c8c85a89-83fb-43cc-8662-f66f4aa41f4b
0e0b5517-e761-49b6-870f-dc8b6fe170f4
cf19bc8b-0032-4756-b428-1bfe9ba52f6a
7d0e9233-d7d5-4b9c-806d-56890cda9229
1d1543a4-de2c-47e6-b2d5-09f70d230bd3
5a77de47-534f-47c0-a31a-d75895c1ddea
be5fc688-1841-4635-aaa0-de7ee0a02735
c0c9376a-9482-40cb-995a-9c94529dffe0
f0ae4bf1-64c4-404c-a926-a8c078d50cdd
fa7f432c-703c-4575-a1d3-a63316651b89
8e49ff4a-76bb-45c7-806c-ee6e811b00d0
f91100ae-8f75-4605-a69e-7a0a07c0b397
084c69b2-5fc6-4890-8dbb-a1146e10f59b
e0dc6b5f-67e1-40a8-b28d-116dc2ad14d8
fc106be4-1270-439f-989a-443657dba7cd
a03ffe12-97ea-491d-89a5-c895a46bab00
6b5fd26a-bea1-4cac-8920-cac5f628b810
8eee4a13-8c45-40f8-8e75-1e3a4f1d9f49
88dfcf1e-eba8-486d-95ac-621463163044
87a50dc8-5390-46f2-8376-ade9e8a7f78a
667a2595-ee2c-4d9a-b448-131bb71717f4
fff2eede-f8db-479b-a7fd-30577fe295eb
b3162d54-b621-4703-bf9d-777a12c95a85
d929f101-b398-46a1-8c8f-b0d944229fce
7e3e2660-c7ec-4faa-9880-09966f475a22
b648f7b4-33c8-4c42-b137-f111e77f00cf
f520773d-7007-45d1-9ccf-f5743f1a5cfe
dfa8825b-bc9d-480d-bc9a-f9fa351b77e0
5b202011-b6ab-4671-9114-14f79ab0a4e3
482a7750-e818-4296-b38f-af347dc29d94
a3317c2b-2f8e-4737-83a2-fbf54f4c9a56
7e142242-1b76-4311-83e7-9439d403bbc5
8894404e-6f51-42d7-b59a-4a191a8da32d
6065f34a-8905-4419-82bc-d0f2604d59ae
decf8337-dad7-480f-b320-b5111cb41445
3ed9b775-cb7f-4046-88f0-804c50093f40
39588944-a761-4d07-bd20-1c77a41cbf7f
a6931171-b028-45c4-a402-480a8178c877
32d77534-cb25-4691-9c53-d1a88a3b016b
294f09f9-a13a-467e-b326-8392f0c12119
b9c31eb2-243d-4dad-a508-522ffb4de15b
a2dcaf91-4d76-4a7c-8c65-f4e4a4892ddb
8d4f875c-1686-4ddd-a1d1-4e113bae02a3
59380ae3-b0e0-4243-bae3-77fbf859d34a
2bedd028-2a20-4a8f-97c8-2b9acaed7b66
d3dbc1c2-af8f-4a5a-b59b-2cd5a954c40f
330cd9c4-a7c1-4ab5-bcc6-6a42fd712912
ee3b8edf-d226-4278-b900-928c19dace75
48ac1b55-36f3-48f5-b037-1e4239b0cc9c
0a746b48-0a2e-4962-b378-d942635994f7
212ec7ce-e80f-45cd-b800-6a17f4ef4cbe
37784c45-b4b0-448c-89df-8fa352d4a2a7
39104ded-8a28-4b1f-831e-c4f614261a4c
aefc91c4-f296-4678-b450-b18565d33cd3
f115d35b-652d-4538-a8ad-60d34a4b9e85
ce388a75-9e48-490c-a251-407ba1caf851
1711f67b-4580-4284-9357-cdd6875e6e4e
a2324309-f7f1-4a0b-b024-409b715abde5
f00b2a4d-8542-41b0-9b3e-4c24723d50cb
8c540b6b-cbb3-43c8-aa0f-eaf039e11421
648f7979-b285-4307-b241-42eef845b4a5
46fed4e4-ffbf-4ea2-9b19-1ee618b5c18a
8b3d0714-0601-4e32-854a-74f463c2b3e5
b2c0a3c2-1ced-4c15-a658-c116404d631b
7022ca17-c952-456a-9345-2c58b6d0f98e
c1879ebe-fff4-4d6c-8558-9460c9f1b62f
9a561d1f-ca43-4069-b8a6-87f216a2d5af
ab910e6d-99df-4b96-8bf8-5b3437c7eb2f
830455e4-c6c3-40b4-9118-c420b8004ec3
309c7d5c-c310-494c-a569-b6929af53a6c
1a20de52-8c71-4f91-ada5-867db0de7bf2
808333cf-d93c-49f0-9ef8-e48ee4d609a4
53981e3a-af8d-4e41-a025-9bcf680e0ffc
f62792d1-9ceb-4820-8b4b-fff3675936da
0b817563-3643-4041-bfee-0c045a48d535
6fd8e971-8015-4b9e-8b73-a1b90e66ba26
136445a3-3a15-43ec-adeb-c0aa91809df1
9cef2552-c606-4115-88d5-1e07a8049aae
68fd22f1-86c8-42dc-aeec-77100aa2d2ad
a94c270c-5ce9-4c7a-b0b1-313a166c4c6f
29ab9108-84b0-421e-9a3a-abb498e30fb6
8bfe0ef3-45b7-4094-ba9f-da88ad5704d3
215c248e-b64c-4e10-828b-135daef6b52d
8538efc2-fbd7-46fa-9026-2782916bad9f
5cfd3dff-7c0c-4a78-bfe4-b0d18009a95d
73f6b71e-8599-400b-803c-649179e73a89
0ae05e3b-a97a-4f67-8499-824a1e3626df
1a937f7f-06ac-4e44-a5e7-3247d0bc11e5
dd421c58-5980-4e86-8716-8661bde9791e
02601ea1-707f-496d-95f6-c8d5e61e5e8a
8341e116-48fb-4805-b5d9-68776bc0a328
5c749853-9e46-43f2-a1fc-ce038f5877e2
866d65f2-8f82-403a-b397-ae649fc2961a
bd1282a7-dec3-40ce-bbbb-8a658afc5519
5e6fd368-9104-4c0f-ae4c-40c44ab65611
9c1072b7-b656-4fcc-b457-6ec6fa754375
ad4220e5-f61d-4364-8eb3-b5bc94d7104a
79f0f2e1-9ee5-4bce-93f8-48a7c7b0b8ee
dcd0a656-a4b8-4154-bfe0-a979770354ef
610cf5da-c5df-4f19-95ef-37ccad5de28d
cc33fa3c-a86a-434d-ac6c-8d0d4db1a59a
845ddefe-8b31-4231-992a-32a94e3682de
281dade6-5034-480c-bf9e-7ea4a32ef2eb
563a24e0-f730-496b-83b4-fc1ab8d0ff34
2b29f360-4892-417a-98e3-2dc9896add68
f21a171b-633f-4ada-910b-3ea1a4eaa2ce
4d1217c3-c1a6-4eff-af3d-9ebe9fccd5b1
be869a4c-db3e-4343-9c57-8ed7772e5a6e
16db9a7d-6ecb-4a95-8681-c3f78382c683
08c7d8bd-1782-47c7-a0dc-96eb9358c8a1
ea4c281c-26b3-4785-a5fa-ccd2e7531b8a
22889056-b8c4-4bd0-af69-b7157592a140
61319d6a-5095-41db-a566-63ed2d24009d
dd688fd4-3ed8-4604-b553-d52133a756cb
928b4328-7ba1-4882-988b-75018b6e0940
bf7a0147-094c-45a9-9a17-4a6b81221b9d
d98641d2-b63b-4d39-9c43-5f4da566946a
16f5b955-c946-4e11-867a-0257101a8809
9e6c547a-f04f-42de-89be-f78725ee74dc
81f50d9a-0ecb-4189-9681-f98b2d7c2e44
06cb75d4-b367-4783-8ae1-e5507562c7e2
135dc001-a4cc-4d8b-813b-ee5fe4bb19bf
640d9216-fb6c-4e9a-8e00-fd4c98440da0
43b3f8e9-89a9-4f4e-be1c-0b8047100a51
6c29008f-05b2-4873-8574-be553bfef792
9e3c1f25-804d-4189-956a-9fe0be43ab5e
7c641632-bbf7-4866-8c46-ae55ebf0a900
710cf3ff-d89f-4fdb-8d8d-18b266f52506
f6ea4942-4606-4b24-a978-50d9c8601d37
4586d3d3-69a3-4145-9e1a-31c9e1984633
263089c6-b921-4246-8522-b509dda5629e
2e76e0d2-c7d6-450b-b61d-a16b250ca698
2cb69576-b45f-4971-9fcd-83e35b5eccb5
abd6b2b7-baad-4098-a249-7703a8e1e557
5e956dca-cf3c-4e75-895b-a7f0b9bf96b9
5bec5968-edf9-458c-b23f-ad1c5d6a33b1
9dcce653-89fa-494b-ba54-bbe8a4b2c554
bbcef1b1-681a-4181-b8dd-018e597578c1
a56a3749-c68d-42e7-80ae-7b247ad6deb9
0d600de4-3441-4cfe-a986-2f5737317c00
f950c1c8-dbcd-4fda-b32b-5c7f654e45b4
dae48025-0458-4827-9f83-9e304efe5dc3
8ad10856-0d66-4326-92e8-b4270314e2b9
a9bd9794-b1e5-4322-a429-eacd1e8f5c77
b96c0f0d-8a91-4df9-9b73-495f7a627503
d9e79954-e868-44cd-a53e-6091cdc93292
215a7bbb-09f3-4b2e-8b1b-3f349f54fb91
8535a22b-9013-4a1a-ae07-3d91a6699672
f9fed5a2-2f2e-4400-9cfe-29ab715f1d4b
7477ab18-e598-409e-b31a-32aa4b97651b
d230eac5-f72e-41cc-913f-752bc4b130a0
eaa5e915-9eb2-4100-ba95-e1bc39f61917
67d3a1ae-5312-4840-bd6b-d09235d5cfab
27b96260-2100-4375-a235-762b25155ad0
30dca959-2884-4ebc-92a2-a0d3b729d9ba
c1088da9-ffd2-4108-bcc8-84c9aee7032a
731d476a-59b6-4f91-b02a-6ff0214504ad
2a9e44bd-5da8-4c1f-8932-dd56b6847474
b540f9a9-5bb4-4acf-877d-3f9e64b3eb64
20c110d4-339a-4e15-bf46-65cbcc079aad
bd7446c9-a2c2-42da-9abc-2d77cec34ec9
3c92a770-8836-45b7-9332-21de717e4c9f
0a719304-b155-4f78-bc9c-61a818dd3467
415f49f9-49c4-429c-8ddd-5acff39aca8f
3f03d358-a5c7-4e02-ba89-9a4e1511402b
0a93c9b0-c1b2-498f-8e42-f1c44f73108c
4387f18d-909a-4127-88fd-dbb48a6135f4
0cde6472-3cc1-4777-8335-985b2f814988
2bb82bed-4bac-458b-8fd9-eb4184116160
9aee41b4-a28c-4a42-a4bb-e8dc44887866
b08da81a-aa0b-414a-885b-d79fa0bf10fa
53acabee-9fb8-43b3-8cd4-ece0c1e0b7d9
f4193419-fcde-4fc8-9f66-7633744bc00b
282e795a-6795-445b-b403-d2ec77b07f89
58fa9fe7-4675-4c98-b01f-94b68a66cb54
990830ed-60c9-4830-95af-af863abad813
16245cc9-75cc-4773-a433-3f1ea11dc896
e4cd82ed-4545-4908-84ba-e4d9abc95a4f
f42a68e3-0812-42fc-91aa-d9fe6db26e8c
8edc0dc6-ab24-451b-86ef-196d7ec13e81
f2c2587b-5fbd-4247-860b-1d84800d9607
d32ab5af-c09b-4ac9-b1c5-7372010c4ba8
6ac47f6a-927f-4eaf-b096-cc81337cd273
a0c17f73-56c9-4141-8a59-d45ab800ceb5
70d2324c-624e-4b16-bc85-f1d3baa91373
abfcc63e-d200-4eb0-842b-d4458d8fa3d0
33e7ac1e-ddf1-4bed-aded-cade97822f2e
60a2b1ce-d7bc-4769-98f6-750662f88149
d6514da2-05b4-4258-b0dc-d2f3278b1a81
03ace294-742d-4ee2-8991-7b2952b1bc96
3df238b6-25c3-4072-84b3-28ab1c62b32a
0bd5e0cc-08fb-42d4-b3a8-bce28d8a9704
a90bf097-b826-408a-8b3e-f065fb52213f
840081f0-8114-4e34-bba1-18e246a0767b
b3c077ec-4c0b-471e-a78d-0c549b214dd9
c8b2b0c1-a8bc-4c83-9e86-91bc1116fb94
66c7269c-9008-4fb4-b4bf-3b1fb5009af3
c2efd5b0-f2e9-4381-b0ec-45145aaa138b
180444ad-c09a-451a-9aa7-f011278415d9
bcbf248a-1120-4934-b925-68512b88aed9
5b67a4bd-adb4-44c9-a3aa-8062052b28ee
c154953f-1282-4b10-adcf-d18b76365bb6
7edcc4f5-f6d3-4363-a1c4-95d57b38205c
8b474124-b40b-4304-bc8b-42ed0afe6644
b8a79c62-9ee5-4353-a2d1-9b519dd2a958
d89bb153-9f6e-4542-aff3-6a955e0ebd71
1114fc04-793f-43e4-8e96-22f3cd6af3f7
9d1a149a-07e0-4393-b749-e23be193e65b
51a797d4-26ee-428e-8a3e-dec841e7cd3d
97ecd68e-82a5-4b34-af6e-8f008983e90a
e3e51565-188d-4214-b3c3-e9dfc8ffcd0d
84c428ab-c9d5-439a-9b9e-8e6ed55d8d9e
]]></system-out>
  </testcase>
</testsuite>