<?xml version="1.0" encoding="UTF-8"?>
<testsuite xmlns:xsi="http://www.w3.org/2001/XMLSchema-instance" xsi:noNamespaceSchemaLocation="https://maven.apache.org/surefire/maven-surefire-plugin/xsd/surefire-test-report.xsd" version="3.0.2" name="cn.kis2.LogTest" time="0.148" tests="1" errors="0" skipped="0" failures="0" flakes="0">
  <properties>
[...]
</properties>
  <testcase name="testLog" classname="cn.kis2.LogTest" time="0.003">
    <system-out><![CDATA[2026-06-17 16:50:20.892 [main] INFO  cn.kis2.LogTest-计算结果为: 101
]]></system-out>
  </testcase>
</testsuite>